[36mINFO[0m[2025-01-18 05:37:25] 
+---------------------------------------------------------------------------------------+
    ___       ___       ___       ___       ___       ___       ___       ___   
   /\  \     /\  \     /\  \     /\  \     /\  \     /\  \     /\  \     /\  \
  /::\  \   /::\  \   /::\  \   /::\  \   /::\  \    \:\  \   /::\  \   /::\  \
 /::\:\__\ /:/\:\__\ /::\:\__\ /:/\:\__\ /\:\:\__\   /::\__\ /::\:\__\ /::\:\__\
 \/\::/  / \:\/:/  / \/\::/  / \:\/:/  / \:\:\/__/  /:/\/__/ \/\::/  / \;:::/  /
   /:/  /   \::/  /    /:/  /   \::/  /   \::/  /   \/__/      /:/  /   |:\/__/ 
   \/__/     \/__/     \/__/     \/__/     \/__/               \/__/     \|__|

                   Github: https://github.com/aoaostar/mooc
            Version: v1.3.2 Runtime: linux/amd64 Go Version: go1.17.13 Author: Pluto
+---------------------------------------------------------------------------------------+ 
[36mINFO[0m[2025-01-18 05:37:25] web端启动成功, 请访问 :10086 查看服务状态                  
[36mINFO[0m[2025-01-18 05:37:25] [协程ID=1][202425040113] 登录成功                  
[36mINFO[0m[2025-01-18 05:37:25] [协程ID=1][202425040113] 获取全部在学课程成功, 共计 2 门    
[36mINFO[0m[2025-01-18 05:37:25] 任务系统启动成功, 协程数: 2, 任务数: 2                     
[36mINFO[0m[2025-01-18 05:37:26] [协程ID=59][202425040113] 登录成功                 
[36mINFO[0m[2025-01-18 05:37:26] [协程ID=59][202425040113] 当前课程[大学生国家安全教育][1011382] 进度: 已学习 100%, 跳过 
[36mINFO[0m[2025-01-18 05:37:26] [协程ID=60][202425040113] 登录成功                 
[36mINFO[0m[2025-01-18 05:37:26] [协程ID=60][202425040113] 当前课程[美学导论][1011435] 进度: 已学习 100%, 跳过 
[36mINFO[0m[2025-01-18 05:37:26] 恭喜您, 所有任务都已全部完成~~~                           
[36mINFO[0m[2025-01-18 06:51:45] 
+---------------------------------------------------------------------------------------+
    ___       ___       ___       ___       ___       ___       ___       ___   
   /\  \     /\  \     /\  \     /\  \     /\  \     /\  \     /\  \     /\  \
  /::\  \   /::\  \   /::\  \   /::\  \   /::\  \    \:\  \   /::\  \   /::\  \
 /::\:\__\ /:/\:\__\ /::\:\__\ /:/\:\__\ /\:\:\__\   /::\__\ /::\:\__\ /::\:\__\
 \/\::/  / \:\/:/  / \/\::/  / \:\/:/  / \:\:\/__/  /:/\/__/ \/\::/  / \;:::/  /
   /:/  /   \::/  /    /:/  /   \::/  /   \::/  /   \/__/      /:/  /   |:\/__/ 
   \/__/     \/__/     \/__/     \/__/     \/__/               \/__/     \|__|

                   Github: https://github.com/aoaostar/mooc
            Version: v1.3.2 Runtime: linux/amd64 Go Version: go1.17.13 Author: Pluto
+---------------------------------------------------------------------------------------+ 
[36mINFO[0m[2025-01-18 06:51:45] web端启动成功, 请访问 :10086 查看服务状态                  
[36mINFO[0m[2025-01-18 06:51:45] [协程ID=1][202425040113] 登录成功                  
[36mINFO[0m[2025-01-18 06:51:45] [协程ID=1][202425040113] 获取全部在学课程成功, 共计 2 门    
[36mINFO[0m[2025-01-18 06:51:45] 任务系统启动成功, 协程数: 2, 任务数: 2                     
[36mINFO[0m[2025-01-18 06:51:45] [协程ID=57][202425040113] 登录成功                 
[36mINFO[0m[2025-01-18 06:51:45] [协程ID=57][202425040113] 当前课程[大学生国家安全教育][1011382] 进度: 已学习 100%, 跳过 
[36mINFO[0m[2025-01-18 06:51:46] [协程ID=58][202425040113] 登录成功                 
[36mINFO[0m[2025-01-18 06:51:46] [协程ID=58][202425040113] 当前课程[美学导论][1011435] 进度: 已学习 100%, 跳过 
[36mINFO[0m[2025-01-18 06:51:46] 恭喜您, 所有任务都已全部完成~~~                           
[36mINFO[0m[2025-01-18 06:53:37] 
+---------------------------------------------------------------------------------------+
    ___       ___       ___       ___       ___       ___       ___       ___   
   /\  \     /\  \     /\  \     /\  \     /\  \     /\  \     /\  \     /\  \
  /::\  \   /::\  \   /::\  \   /::\  \   /::\  \    \:\  \   /::\  \   /::\  \
 /::\:\__\ /:/\:\__\ /::\:\__\ /:/\:\__\ /\:\:\__\   /::\__\ /::\:\__\ /::\:\__\
 \/\::/  / \:\/:/  / \/\::/  / \:\/:/  / \:\:\/__/  /:/\/__/ \/\::/  / \;:::/  /
   /:/  /   \::/  /    /:/  /   \::/  /   \::/  /   \/__/      /:/  /   |:\/__/ 
   \/__/     \/__/     \/__/     \/__/     \/__/               \/__/     \|__|

                   Github: https://github.com/aoaostar/mooc
            Version: v1.3.2 Runtime: linux/amd64 Go Version: go1.17.13 Author: Pluto
+---------------------------------------------------------------------------------------+ 
[36mINFO[0m[2025-01-18 06:53:37] web端启动成功, 请访问 :10086 查看服务状态                  
[31mFATA[0m[2025-01-18 06:53:37] 账号密码不正确                                      
[36mINFO[0m[2025-01-18 06:54:33] 
+---------------------------------------------------------------------------------------+
    ___       ___       ___       ___       ___       ___       ___       ___   
   /\  \     /\  \     /\  \     /\  \     /\  \     /\  \     /\  \     /\  \
  /::\  \   /::\  \   /::\  \   /::\  \   /::\  \    \:\  \   /::\  \   /::\  \
 /::\:\__\ /:/\:\__\ /::\:\__\ /:/\:\__\ /\:\:\__\   /::\__\ /::\:\__\ /::\:\__\
 \/\::/  / \:\/:/  / \/\::/  / \:\/:/  / \:\:\/__/  /:/\/__/ \/\::/  / \;:::/  /
   /:/  /   \::/  /    /:/  /   \::/  /   \::/  /   \/__/      /:/  /   |:\/__/ 
   \/__/     \/__/     \/__/     \/__/     \/__/               \/__/     \|__|

                   Github: https://github.com/aoaostar/mooc
            Version: v1.3.2 Runtime: linux/amd64 Go Version: go1.17.13 Author: Pluto
+---------------------------------------------------------------------------------------+ 
[36mINFO[0m[2025-01-18 06:54:33] web端启动成功, 请访问 :10086 查看服务状态                  
[31mFATA[0m[2025-01-18 06:54:33] 学生信息不存在                                      
[36mINFO[0m[2025-01-18 06:54:50] 
+---------------------------------------------------------------------------------------+
    ___       ___       ___       ___       ___       ___       ___       ___   
   /\  \     /\  \     /\  \     /\  \     /\  \     /\  \     /\  \     /\  \
  /::\  \   /::\  \   /::\  \   /::\  \   /::\  \    \:\  \   /::\  \   /::\  \
 /::\:\__\ /:/\:\__\ /::\:\__\ /:/\:\__\ /\:\:\__\   /::\__\ /::\:\__\ /::\:\__\
 \/\::/  / \:\/:/  / \/\::/  / \:\/:/  / \:\:\/__/  /:/\/__/ \/\::/  / \;:::/  /
   /:/  /   \::/  /    /:/  /   \::/  /   \::/  /   \/__/      /:/  /   |:\/__/ 
   \/__/     \/__/     \/__/     \/__/     \/__/               \/__/     \|__|

                   Github: https://github.com/aoaostar/mooc
            Version: v1.3.2 Runtime: linux/amd64 Go Version: go1.17.13 Author: Pluto
+---------------------------------------------------------------------------------------+ 
[36mINFO[0m[2025-01-18 06:54:50] web端启动成功, 请访问 :10086 查看服务状态                  
[31mFATA[0m[2025-01-18 06:54:50] 账号密码不正确                                      
[36mINFO[0m[2025-01-18 07:18:17] 
+---------------------------------------------------------------------------------------+
    ___       ___       ___       ___       ___       ___       ___       ___   
   /\  \     /\  \     /\  \     /\  \     /\  \     /\  \     /\  \     /\  \
  /::\  \   /::\  \   /::\  \   /::\  \   /::\  \    \:\  \   /::\  \   /::\  \
 /::\:\__\ /:/\:\__\ /::\:\__\ /:/\:\__\ /\:\:\__\   /::\__\ /::\:\__\ /::\:\__\
 \/\::/  / \:\/:/  / \/\::/  / \:\/:/  / \:\:\/__/  /:/\/__/ \/\::/  / \;:::/  /
   /:/  /   \::/  /    /:/  /   \::/  /   \::/  /   \/__/      /:/  /   |:\/__/ 
   \/__/     \/__/     \/__/     \/__/     \/__/               \/__/     \|__|

                   Github: https://github.com/aoaostar/mooc
            Version: v1.3.2 Runtime: linux/amd64 Go Version: go1.17.13 Author: Pluto
+---------------------------------------------------------------------------------------+ 
[36mINFO[0m[2025-01-18 07:18:17] web端启动成功, 请访问 :10086 查看服务状态                  
[31mFATA[0m[2025-01-18 07:18:17] 账号密码不正确                                      
[36mINFO[0m[2025-01-18 07:26:36] 
+---------------------------------------------------------------------------------------+
    ___       ___       ___       ___       ___       ___       ___       ___   
   /\  \     /\  \     /\  \     /\  \     /\  \     /\  \     /\  \     /\  \
  /::\  \   /::\  \   /::\  \   /::\  \   /::\  \    \:\  \   /::\  \   /::\  \
 /::\:\__\ /:/\:\__\ /::\:\__\ /:/\:\__\ /\:\:\__\   /::\__\ /::\:\__\ /::\:\__\
 \/\::/  / \:\/:/  / \/\::/  / \:\/:/  / \:\:\/__/  /:/\/__/ \/\::/  / \;:::/  /
   /:/  /   \::/  /    /:/  /   \::/  /   \::/  /   \/__/      /:/  /   |:\/__/ 
   \/__/     \/__/     \/__/     \/__/     \/__/               \/__/     \|__|

                   Github: https://github.com/aoaostar/mooc
            Version: v1.3.2 Runtime: linux/amd64 Go Version: go1.17.13 Author: Pluto
+---------------------------------------------------------------------------------------+ 
[36mINFO[0m[2025-01-18 07:26:36] web端启动成功, 请访问 :10086 查看服务状态                  
[31mFATA[0m[2025-01-18 07:26:36] 账号密码不正确                                      
[36mINFO[0m[2025-01-18 07:26:49] 
+---------------------------------------------------------------------------------------+
    ___       ___       ___       ___       ___       ___       ___       ___   
   /\  \     /\  \     /\  \     /\  \     /\  \     /\  \     /\  \     /\  \
  /::\  \   /::\  \   /::\  \   /::\  \   /::\  \    \:\  \   /::\  \   /::\  \
 /::\:\__\ /:/\:\__\ /::\:\__\ /:/\:\__\ /\:\:\__\   /::\__\ /::\:\__\ /::\:\__\
 \/\::/  / \:\/:/  / \/\::/  / \:\/:/  / \:\:\/__/  /:/\/__/ \/\::/  / \;:::/  /
   /:/  /   \::/  /    /:/  /   \::/  /   \::/  /   \/__/      /:/  /   |:\/__/ 
   \/__/     \/__/     \/__/     \/__/     \/__/               \/__/     \|__|

                   Github: https://github.com/aoaostar/mooc
            Version: v1.3.2 Runtime: linux/amd64 Go Version: go1.17.13 Author: Pluto
+---------------------------------------------------------------------------------------+ 
[36mINFO[0m[2025-01-18 07:26:49] web端启动成功, 请访问 :10086 查看服务状态                  
[31mFATA[0m[2025-01-18 07:26:50] 学生信息不存在                                      
[36mINFO[0m[2025-01-18 09:37:43] 
+---------------------------------------------------------------------------------------+
    ___       ___       ___       ___       ___       ___       ___       ___   
   /\  \     /\  \     /\  \     /\  \     /\  \     /\  \     /\  \     /\  \
  /::\  \   /::\  \   /::\  \   /::\  \   /::\  \    \:\  \   /::\  \   /::\  \
 /::\:\__\ /:/\:\__\ /::\:\__\ /:/\:\__\ /\:\:\__\   /::\__\ /::\:\__\ /::\:\__\
 \/\::/  / \:\/:/  / \/\::/  / \:\/:/  / \:\:\/__/  /:/\/__/ \/\::/  / \;:::/  /
   /:/  /   \::/  /    /:/  /   \::/  /   \::/  /   \/__/      /:/  /   |:\/__/ 
   \/__/     \/__/     \/__/     \/__/     \/__/               \/__/     \|__|

                   Github: https://github.com/aoaostar/mooc
            Version: v1.3.2 Runtime: linux/amd64 Go Version: go1.17.13 Author: Pluto
+---------------------------------------------------------------------------------------+ 
[36mINFO[0m[2025-01-18 09:37:43] web端启动成功, 请访问 :10086 查看服务状态                  
[31mFATA[0m[2025-01-18 09:37:43] 账号密码不正确                                      
[36mINFO[0m[2025-01-18 09:38:05] 
+---------------------------------------------------------------------------------------+
    ___       ___       ___       ___       ___       ___       ___       ___   
   /\  \     /\  \     /\  \     /\  \     /\  \     /\  \     /\  \     /\  \
  /::\  \   /::\  \   /::\  \   /::\  \   /::\  \    \:\  \   /::\  \   /::\  \
 /::\:\__\ /:/\:\__\ /::\:\__\ /:/\:\__\ /\:\:\__\   /::\__\ /::\:\__\ /::\:\__\
 \/\::/  / \:\/:/  / \/\::/  / \:\/:/  / \:\:\/__/  /:/\/__/ \/\::/  / \;:::/  /
   /:/  /   \::/  /    /:/  /   \::/  /   \::/  /   \/__/      /:/  /   |:\/__/ 
   \/__/     \/__/     \/__/     \/__/     \/__/               \/__/     \|__|

                   Github: https://github.com/aoaostar/mooc
            Version: v1.3.2 Runtime: linux/amd64 Go Version: go1.17.13 Author: Pluto
+---------------------------------------------------------------------------------------+ 
[36mINFO[0m[2025-01-18 09:38:05] web端启动成功, 请访问 :10086 查看服务状态                  
[36mINFO[0m[2025-01-18 09:38:06] [协程ID=1][202425040113] 登录成功                  
[36mINFO[0m[2025-01-18 09:38:06] [协程ID=1][202425040113] 获取全部在学课程成功, 共计 2 门    
[36mINFO[0m[2025-01-18 09:38:06] 任务系统启动成功, 协程数: 2, 任务数: 2                     
[36mINFO[0m[2025-01-18 09:38:06] [协程ID=31][202425040113] 登录成功                 
[36mINFO[0m[2025-01-18 09:38:06] [协程ID=31][202425040113] 当前课程[美学导论][1011435] 进度: 已学习 100%, 跳过 
[36mINFO[0m[2025-01-18 09:38:06] [协程ID=30][202425040113] 登录成功                 
[36mINFO[0m[2025-01-18 09:38:06] [协程ID=30][202425040113] 当前课程[大学生国家安全教育][1011382] 进度: 已学习 100%, 跳过 
[36mINFO[0m[2025-01-18 09:38:06] 恭喜您, 所有任务都已全部完成~~~                           
[36mINFO[0m[2025-01-18 09:44:41] 
+---------------------------------------------------------------------------------------+
    ___       ___       ___       ___       ___       ___       ___       ___   
   /\  \     /\  \     /\  \     /\  \     /\  \     /\  \     /\  \     /\  \
  /::\  \   /::\  \   /::\  \   /::\  \   /::\  \    \:\  \   /::\  \   /::\  \
 /::\:\__\ /:/\:\__\ /::\:\__\ /:/\:\__\ /\:\:\__\   /::\__\ /::\:\__\ /::\:\__\
 \/\::/  / \:\/:/  / \/\::/  / \:\/:/  / \:\:\/__/  /:/\/__/ \/\::/  / \;:::/  /
   /:/  /   \::/  /    /:/  /   \::/  /   \::/  /   \/__/      /:/  /   |:\/__/ 
   \/__/     \/__/     \/__/     \/__/     \/__/               \/__/     \|__|

                   Github: https://github.com/aoaostar/mooc
            Version: v1.3.2 Runtime: linux/amd64 Go Version: go1.17.13 Author: Pluto
+---------------------------------------------------------------------------------------+ 
[36mINFO[0m[2025-01-18 09:44:41] web端启动成功, 请访问 :10086 查看服务状态                  
[31mFATA[0m[2025-01-18 09:44:41] 账号密码不正确                                      
[36mINFO[0m[2025-01-19 12:04:25] 
+---------------------------------------------------------------------------------------+
    ___       ___       ___       ___       ___       ___       ___       ___   
   /\  \     /\  \     /\  \     /\  \     /\  \     /\  \     /\  \     /\  \
  /::\  \   /::\  \   /::\  \   /::\  \   /::\  \    \:\  \   /::\  \   /::\  \
 /::\:\__\ /:/\:\__\ /::\:\__\ /:/\:\__\ /\:\:\__\   /::\__\ /::\:\__\ /::\:\__\
 \/\::/  / \:\/:/  / \/\::/  / \:\/:/  / \:\:\/__/  /:/\/__/ \/\::/  / \;:::/  /
   /:/  /   \::/  /    /:/  /   \::/  /   \::/  /   \/__/      /:/  /   |:\/__/ 
   \/__/     \/__/     \/__/     \/__/     \/__/               \/__/     \|__|

                   Github: https://github.com/aoaostar/mooc
            Version: v1.3.2 Runtime: linux/amd64 Go Version: go1.17.13 Author: Pluto
+---------------------------------------------------------------------------------------+ 
[36mINFO[0m[2025-01-19 12:04:25] web端启动成功, 请访问 :10086 查看服务状态                  
[36mINFO[0m[2025-01-19 12:04:25] [协程ID=1][202425040113] 登录成功                  
[36mINFO[0m[2025-01-19 12:04:25] [协程ID=1][202425040113] 获取全部在学课程成功, 共计 2 门    
[36mINFO[0m[2025-01-19 12:04:25] 任务系统启动成功, 协程数: 2, 任务数: 2                     
[36mINFO[0m[2025-01-19 12:04:25] [协程ID=16][202425040113] 登录成功                 
[36mINFO[0m[2025-01-19 12:04:25] [协程ID=16][202425040113] 当前课程[美学导论][1011435] 进度: 已学习 100%, 跳过 
[36mINFO[0m[2025-01-19 12:04:25] [协程ID=15][202425040113] 登录成功                 
[36mINFO[0m[2025-01-19 12:04:25] [协程ID=15][202425040113] 当前课程[大学生国家安全教育][1011382] 进度: 已学习 100%, 跳过 
[36mINFO[0m[2025-01-19 12:04:25] 恭喜您, 所有任务都已全部完成~~~                           
[36mINFO[0m[2025-01-19 12:04:34] 
+---------------------------------------------------------------------------------------+
    ___       ___       ___       ___       ___       ___       ___       ___   
   /\  \     /\  \     /\  \     /\  \     /\  \     /\  \     /\  \     /\  \
  /::\  \   /::\  \   /::\  \   /::\  \   /::\  \    \:\  \   /::\  \   /::\  \
 /::\:\__\ /:/\:\__\ /::\:\__\ /:/\:\__\ /\:\:\__\   /::\__\ /::\:\__\ /::\:\__\
 \/\::/  / \:\/:/  / \/\::/  / \:\/:/  / \:\:\/__/  /:/\/__/ \/\::/  / \;:::/  /
   /:/  /   \::/  /    /:/  /   \::/  /   \::/  /   \/__/      /:/  /   |:\/__/ 
   \/__/     \/__/     \/__/     \/__/     \/__/               \/__/     \|__|

                   Github: https://github.com/aoaostar/mooc
            Version: v1.3.2 Runtime: linux/amd64 Go Version: go1.17.13 Author: Pluto
+---------------------------------------------------------------------------------------+ 
[36mINFO[0m[2025-01-19 12:04:34] web端启动成功, 请访问 :10086 查看服务状态                  
[36mINFO[0m[2025-01-19 12:04:34] [协程ID=1][202425040113] 登录成功                  
[36mINFO[0m[2025-01-19 12:04:34] [协程ID=1][202425040113] 获取全部在学课程成功, 共计 2 门    
[36mINFO[0m[2025-01-19 12:04:34] 任务系统启动成功, 协程数: 2, 任务数: 2                     
[36mINFO[0m[2025-01-19 12:04:35] [协程ID=66][202425040113] 登录成功                 
[36mINFO[0m[2025-01-19 12:04:35] [协程ID=66][202425040113] 当前课程[大学体育（啦啦操）][1012446] 进度: 已学习 100%, 跳过 
[36mINFO[0m[2025-01-19 12:04:35] [协程ID=33][202425040113] 登录成功                 
[36mINFO[0m[2025-01-19 12:04:35] [协程ID=33][202425040113] 当前课程[军事理论][1012429] 进度: 已学习 100%, 跳过 
[36mINFO[0m[2025-01-19 12:04:35] 恭喜您, 所有任务都已全部完成~~~                           
[36mINFO[0m[2025-01-19 12:22:16] 
+---------------------------------------------------------------------------------------+
    ___       ___       ___       ___       ___       ___       ___       ___   
   /\  \     /\  \     /\  \     /\  \     /\  \     /\  \     /\  \     /\  \
  /::\  \   /::\  \   /::\  \   /::\  \   /::\  \    \:\  \   /::\  \   /::\  \
 /::\:\__\ /:/\:\__\ /::\:\__\ /:/\:\__\ /\:\:\__\   /::\__\ /::\:\__\ /::\:\__\
 \/\::/  / \:\/:/  / \/\::/  / \:\/:/  / \:\:\/__/  /:/\/__/ \/\::/  / \;:::/  /
   /:/  /   \::/  /    /:/  /   \::/  /   \::/  /   \/__/      /:/  /   |:\/__/ 
   \/__/     \/__/     \/__/     \/__/     \/__/               \/__/     \|__|

                   Github: https://github.com/aoaostar/mooc
            Version: v1.3.2 Runtime: linux/amd64 Go Version: go1.17.13 Author: Pluto
+---------------------------------------------------------------------------------------+ 
[36mINFO[0m[2025-01-19 12:22:16] web端启动成功, 请访问 :10086 查看服务状态                  
[31mFATA[0m[2025-01-19 12:22:16] 账号密码不正确                                      
[36mINFO[0m[2025-01-19 12:22:37] 
+---------------------------------------------------------------------------------------+
    ___       ___       ___       ___       ___       ___       ___       ___   
   /\  \     /\  \     /\  \     /\  \     /\  \     /\  \     /\  \     /\  \
  /::\  \   /::\  \   /::\  \   /::\  \   /::\  \    \:\  \   /::\  \   /::\  \
 /::\:\__\ /:/\:\__\ /::\:\__\ /:/\:\__\ /\:\:\__\   /::\__\ /::\:\__\ /::\:\__\
 \/\::/  / \:\/:/  / \/\::/  / \:\/:/  / \:\:\/__/  /:/\/__/ \/\::/  / \;:::/  /
   /:/  /   \::/  /    /:/  /   \::/  /   \::/  /   \/__/      /:/  /   |:\/__/ 
   \/__/     \/__/     \/__/     \/__/     \/__/               \/__/     \|__|

                   Github: https://github.com/aoaostar/mooc
            Version: v1.3.2 Runtime: linux/amd64 Go Version: go1.17.13 Author: Pluto
+---------------------------------------------------------------------------------------+ 
[36mINFO[0m[2025-01-19 12:22:37] web端启动成功, 请访问 :10086 查看服务状态                  
[36mINFO[0m[2025-01-19 12:22:37] [协程ID=1][202425040113] 登录成功                  
[36mINFO[0m[2025-01-19 12:22:37] [协程ID=1][202425040113] 获取全部在学课程成功, 共计 2 门    
[36mINFO[0m[2025-01-19 12:22:37] 任务系统启动成功, 协程数: 2, 任务数: 2                     
[36mINFO[0m[2025-01-19 12:22:37] [协程ID=32][202425040113] 登录成功                 
[36mINFO[0m[2025-01-19 12:22:37] [协程ID=32][202425040113] 当前课程[大学体育（啦啦操）][1012446] 进度: 已学习 100%, 跳过 
[36mINFO[0m[2025-01-19 12:22:37] [协程ID=31][202425040113] 登录成功                 
[36mINFO[0m[2025-01-19 12:22:37] [协程ID=31][202425040113] 当前课程[军事理论][1012429] 进度: 已学习 100%, 跳过 
[36mINFO[0m[2025-01-19 12:22:37] 恭喜您, 所有任务都已全部完成~~~                           
