å¼€å§‹ä»»åŠ¡ 4
å·¥ä½œç›®å½•: /Users/lixixian/Desktop/WEBåˆå®šç‰ˆæœ¬1æ— ä»˜è´¹åŠŸèƒ½_å‰¯æœ¬/PROJECT
å¯æ‰§è¡Œæ–‡ä»¶: /Users/lixixian/Desktop/WEBåˆå®šç‰ˆæœ¬1æ— ä»˜è´¹åŠŸèƒ½_å‰¯æœ¬/PROJECT/mooc_executable/aoaostar_mooc
é…ç½®æ–‡ä»¶: /Users/lixixian/Desktop/WEBåˆå®šç‰ˆæœ¬1æ— ä»˜è´¹åŠŸèƒ½_å‰¯æœ¬/PROJECT/mooc_configs/config_4.json
è´¦å·: 100000000000
é…ç½®å†…å®¹:
{
  "global": {
    "server": ":10086",
    "limit": 99
  },
  "users": [
    {
      "base_url": "https://zxshixun.scauzj.edu.cn",
      "school_id": 0,
      "username": "100000000000",
      "password": "1"
    }
  ]
}
[36mINFO[0m[2025-01-18 06:54:33] 
+---------------------------------------------------------------------------------------+
    ___       ___       ___       ___       ___       ___       ___       ___   
   /\  \     /\  \     /\  \     /\  \     /\  \     /\  \     /\  \     /\  \
  /::\  \   /::\  \   /::\  \   /::\  \   /::\  \    \:\  \   /::\  \   /::\  \
 /::\:\__\ /:/\:\__\ /::\:\__\ /:/\:\__\ /\:\:\__\   /::\__\ /::\:\__\ /::\:\__\
 \/\::/  / \:\/:/  / \/\::/  / \:\/:/  / \:\:\/__/  /:/\/__/ \/\::/  / \;:::/  /
   /:/  /   \::/  /    /:/  /   \::/  /   \::/  /   \/__/      /:/  /   |:\/__/ 
   \/__/     \/__/     \/__/     \/__/     \/__/               \/__/     \|__|

                   Github: https://github.com/aoaostar/mooc
            Version: v1.3.2 Runtime: linux/amd64 Go Version: go1.17.13 Author: Pluto
+---------------------------------------------------------------------------------------+ 
[36mINFO[0m[2025-01-18 06:54:33] webç«¯å¯åŠ¨æˆåŠŸ, è¯·è®¿é—® :10086 æŸ¥çœ‹æœåŠ¡çŠ¶æ€                  
[31mFATA[0m[2025-01-18 06:54:33] å­¦ç”Ÿä¿¡æ¯ä¸å­˜åœ¨                                      
