开始任务 7
工作目录: /Users/lixixian/Desktop/WEB初定版本1加入付费系统_副本2/PROJECT
可执行文件: /Users/lixixian/Desktop/WEB初定版本1加入付费系统_副本2/PROJECT/mooc_executable/aoaostar_mooc
配置文件: /Users/lixixian/Desktop/WEB初定版本1加入付费系统_副本2/PROJECT/mooc_configs/config_7.json
账号: 202425040113
平台: https://mooc.scauzj.edu.cn
配置内容:
{
  "global": {
    "server": ":10086",
    "limit": 99
  },
  "users": [
    {
      "base_url": "https://mooc.scauzj.edu.cn",
      "school_id": 0,
      "username": "202425040113",
      "password": "LXXlxx214"
    }
  ]
}
[36mINFO[0m[2025-01-19 12:04:34] 
+---------------------------------------------------------------------------------------+
    ___       ___       ___       ___       ___       ___       ___       ___   
   /\  \     /\  \     /\  \     /\  \     /\  \     /\  \     /\  \     /\  \
  /::\  \   /::\  \   /::\  \   /::\  \   /::\  \    \:\  \   /::\  \   /::\  \
 /::\:\__\ /:/\:\__\ /::\:\__\ /:/\:\__\ /\:\:\__\   /::\__\ /::\:\__\ /::\:\__\
 \/\::/  / \:\/:/  / \/\::/  / \:\/:/  / \:\:\/__/  /:/\/__/ \/\::/  / \;:::/  /
   /:/  /   \::/  /    /:/  /   \::/  /   \::/  /   \/__/      /:/  /   |:\/__/ 
   \/__/     \/__/     \/__/     \/__/     \/__/               \/__/     \|__|

                   Github: https://github.com/aoaostar/mooc
            Version: v1.3.2 Runtime: linux/amd64 Go Version: go1.17.13 Author: Pluto
+---------------------------------------------------------------------------------------+ 
[36mINFO[0m[2025-01-19 12:04:34] web端启动成功, 请访问 :10086 查看服务状态                  
[36mINFO[0m[2025-01-19 12:04:34] [协程ID=1][202425040113] 登录成功                  
[36mINFO[0m[2025-01-19 12:04:34] [协程ID=1][202425040113] 获取全部在学课程成功, 共计 2 门    
[36mINFO[0m[2025-01-19 12:04:34] 任务系统启动成功, 协程数: 2, 任务数: 2                     
[36mINFO[0m[2025-01-19 12:04:35] [协程ID=66][202425040113] 登录成功                 
[36mINFO[0m[2025-01-19 12:04:35] [协程ID=66][202425040113] 当前课程[大学体育（啦啦操）][1012446] 进度: 已学习 100%, 跳过 
[36mINFO[0m[2025-01-19 12:04:35] [协程ID=33][202425040113] 登录成功                 
[36mINFO[0m[2025-01-19 12:04:35] [协程ID=33][202425040113] 当前课程[军事理论][1012429] 进度: 已学习 100%, 跳过 
[36mINFO[0m[2025-01-19 12:04:35] 恭喜您, 所有任务都已全部完成~~~                           
