å¼€å§‹ä»»åŠ¡ 8
å·¥ä½œç›®å½•: /Users/lixixian/Desktop/WEBåˆå®šç‰ˆæœ¬1åŠ å…¥ä»˜è´¹ç³»ç»Ÿ_å‰¯æœ¬2/PROJECT
å¯æ‰§è¡Œæ–‡ä»¶: /Users/lixixian/Desktop/WEBåˆå®šç‰ˆæœ¬1åŠ å…¥ä»˜è´¹ç³»ç»Ÿ_å‰¯æœ¬2/PROJECT/mooc_executable/aoaostar_mooc
é…ç½®æ–‡ä»¶: /Users/lixixian/Desktop/WEBåˆå®šç‰ˆæœ¬1åŠ å…¥ä»˜è´¹ç³»ç»Ÿ_å‰¯æœ¬2/PROJECT/mooc_configs/config_8.json
è´¦å·: 202425040113
å¹³å°: https://mooc.scauzj.edu.cn
é…ç½®å†…å®¹:
{
  "global": {
    "server": ":10086",
    "limit": 99
  },
  "users": [
    {
      "base_url": "https://mooc.scauzj.edu.cn",
      "school_id": 0,
      "username": "202425040113",
      "password": "11"
    }
  ]
}
[36mINFO[0m[2025-01-19 12:22:16] 
+---------------------------------------------------------------------------------------+
    ___       ___       ___       ___       ___       ___       ___       ___   
   /\  \     /\  \     /\  \     /\  \     /\  \     /\  \     /\  \     /\  \
  /::\  \   /::\  \   /::\  \   /::\  \   /::\  \    \:\  \   /::\  \   /::\  \
 /::\:\__\ /:/\:\__\ /::\:\__\ /:/\:\__\ /\:\:\__\   /::\__\ /::\:\__\ /::\:\__\
 \/\::/  / \:\/:/  / \/\::/  / \:\/:/  / \:\:\/__/  /:/\/__/ \/\::/  / \;:::/  /
   /:/  /   \::/  /    /:/  /   \::/  /   \::/  /   \/__/      /:/  /   |:\/__/ 
   \/__/     \/__/     \/__/     \/__/     \/__/               \/__/     \|__|

                   Github: https://github.com/aoaostar/mooc
            Version: v1.3.2 Runtime: linux/amd64 Go Version: go1.17.13 Author: Pluto
+---------------------------------------------------------------------------------------+ 
[36mINFO[0m[2025-01-19 12:22:16] webç«¯å¯åŠ¨æˆåŠŸ, è¯·è®¿é—® :10086 æŸ¥çœ‹æœåŠ¡çŠ¶æ€                  
[31mFATA[0m[2025-01-19 12:22:16] è´¦å·å¯†ç ä¸æ­£ç¡®                                      
