2025-01-17 17:17:57,490 [INFO] mooc_manager: MoocManager初始化 - 可执行文件: /Users/lixixian/Desktop/Web_副本3/PROJECT/mooc_executable/aoaostar_mooc
2025-01-17 17:17:57,490 [INFO] mooc_manager: 运行模式: Docker
2025-01-17 17:17:57,490 [INFO] mooc_manager: 最大并发任务数: 50
2025-01-17 17:18:00,065 [INFO] mooc_manager: MoocManager初始化 - 可执行文件: /Users/lixixian/Desktop/Web_副本3/PROJECT/mooc_executable/aoaostar_mooc
2025-01-17 17:18:00,065 [INFO] mooc_manager: 运行模式: Docker
2025-01-17 17:18:00,065 [INFO] mooc_manager: 最大并发任务数: 50
2025-01-17 17:18:08,738 [INFO] mooc_manager: MoocManager初始化 - 可执行文件: /Users/lixixian/Desktop/Web_副本3/PROJECT/mooc_executable/aoaostar_mooc
2025-01-17 17:18:08,738 [INFO] mooc_manager: 运行模式: Docker
2025-01-17 17:18:08,738 [INFO] mooc_manager: 最大并发任务数: 50
2025-01-17 17:18:10,320 [INFO] mooc_manager: MoocManager初始化 - 可执行文件: /Users/lixixian/Desktop/Web_副本3/PROJECT/mooc_executable/aoaostar_mooc
2025-01-17 17:18:10,320 [INFO] mooc_manager: 运行模式: Docker
2025-01-17 17:18:10,320 [INFO] mooc_manager: 最大并发任务数: 50
2025-01-17 19:00:57,448 [INFO] mooc_manager: MoocManager初始化 - 可执行文件: /Users/lixixian/Desktop/WEB初定版本1无付费功能_副本/PROJECT/mooc_executable/aoaostar_mooc
2025-01-17 19:00:57,448 [INFO] mooc_manager: 运行模式: Docker
2025-01-17 19:00:57,448 [INFO] mooc_manager: 最大并发任务数: 50
2025-01-17 19:00:58,105 [INFO] mooc_manager: MoocManager初始化 - 可执行文件: /Users/lixixian/Desktop/WEB初定版本1无付费功能_副本/PROJECT/mooc_executable/aoaostar_mooc
2025-01-17 19:00:58,105 [INFO] mooc_manager: 运行模式: Docker
2025-01-17 19:00:58,105 [INFO] mooc_manager: 最大并发任务数: 50
2025-01-18 13:27:21,251 [INFO] mooc_manager: MoocManager初始化 - 可执行文件: /Users/lixixian/Desktop/WEB初定版本1无付费功能_副本/PROJECT/mooc_executable/aoaostar_mooc
2025-01-18 13:27:21,251 [INFO] mooc_manager: 运行模式: Docker
2025-01-18 13:27:21,251 [INFO] mooc_manager: 最大并发任务数: 50
2025-01-18 13:32:31,519 [INFO] mooc_manager: MoocManager初始化 - 可执行文件: /Users/lixixian/Desktop/WEB初定版本1无付费功能_副本/PROJECT/mooc_executable/aoaostar_mooc
2025-01-18 13:32:31,520 [INFO] mooc_manager: 运行模式: Docker
2025-01-18 13:32:31,520 [INFO] mooc_manager: 最大并发任务数: 50
2025-01-18 13:33:03,812 [INFO] mooc_manager: MoocManager初始化 - 可执行文件: /Users/lixixian/Desktop/WEB初定版本1无付费功能_副本/PROJECT/mooc_executable/aoaostar_mooc
2025-01-18 13:33:03,812 [INFO] mooc_manager: 运行模式: Docker
2025-01-18 13:33:03,812 [INFO] mooc_manager: 最大并发任务数: 50
2025-01-18 13:35:08,853 [INFO] mooc_manager: MoocManager初始化 - 可执行文件: /Users/lixixian/Desktop/WEB初定版本1无付费功能_副本/PROJECT/mooc_executable/aoaostar_mooc
2025-01-18 13:35:08,853 [INFO] mooc_manager: 运行模式: Docker
2025-01-18 13:35:08,853 [INFO] mooc_manager: 最大并发任务数: 50
2025-01-18 13:35:40,482 [INFO] mooc_manager: MoocManager初始化 - 可执行文件: /Users/lixixian/Desktop/WEB初定版本1无付费功能_副本/PROJECT/mooc_executable/aoaostar_mooc
2025-01-18 13:35:40,521 [INFO] mooc_manager: 运行模式: Docker
2025-01-18 13:35:40,541 [INFO] mooc_manager: 最大并发任务数: 50
2025-01-18 13:36:17,507 [INFO] mooc_manager: MoocManager初始化 - 可执行文件: /Users/lixixian/Desktop/WEB初定版本1无付费功能_副本/PROJECT/mooc_executable/aoaostar_mooc
2025-01-18 13:36:17,507 [INFO] mooc_manager: 运行模式: Docker
2025-01-18 13:36:17,507 [INFO] mooc_manager: 最大并发任务数: 50
2025-01-18 13:36:56,317 [INFO] mooc_manager: MoocManager初始化 - 可执行文件: /Users/lixixian/Desktop/WEB初定版本1无付费功能_副本/PROJECT/mooc_executable/aoaostar_mooc
2025-01-18 13:36:56,318 [INFO] mooc_manager: 运行模式: Docker
2025-01-18 13:36:56,318 [INFO] mooc_manager: 最大并发任务数: 50
2025-01-18 13:36:56,916 [INFO] mooc_manager: MoocManager初始化 - 可执行文件: /Users/lixixian/Desktop/WEB初定版本1无付费功能_副本/PROJECT/mooc_executable/aoaostar_mooc
2025-01-18 13:36:56,916 [INFO] mooc_manager: 运行模式: Docker
2025-01-18 13:36:56,916 [INFO] mooc_manager: 最大并发任务数: 50
2025-01-18 13:37:20,116 [INFO] mooc_manager: 开始任务 - ID: 12, 账号: 202425040113
2025-01-18 13:37:20,117 [INFO] mooc_manager: 更新配置 - ID: 12, 账号: 202425040113
2025-01-18 13:37:20,118 [INFO] mooc_manager: 保存配置文件 - 路径: /Users/lixixian/Desktop/WEB初定版本1无付费功能_副本/PROJECT/mooc_configs/config_12.json
2025-01-18 13:37:20,118 [INFO] mooc_manager: 使用Docker启动任务 - ID: 12
2025-01-18 13:37:26,250 [INFO] mooc_manager: 任务启动成功 - ID: 12
2025-01-18 13:37:26,250 [INFO] mooc_manager: 登录成功 - ID: 12
2025-01-18 13:37:26,250 [INFO] mooc_manager: 任务系统启动成功 - ID: 12
2025-01-18 13:37:26,250 [INFO] mooc_manager: 任务运行中 - ID: 12
2025-01-18 13:37:26,257 [INFO] mooc_manager: 获取任务状态 - ID: 12, 状态: 运行中
2025-01-18 13:41:57,134 [INFO] mooc_manager: MoocManager初始化 - 可执行文件: /Users/lixixian/Desktop/WEB初定版本1无付费功能_副本/PROJECT/mooc_executable/aoaostar_mooc
2025-01-18 13:41:57,134 [INFO] mooc_manager: 运行模式: Docker
2025-01-18 13:41:57,134 [INFO] mooc_manager: 最大并发任务数: 50
2025-01-18 13:42:20,191 [INFO] mooc_manager: MoocManager初始化 - 可执行文件: /Users/lixixian/Desktop/WEB初定版本1无付费功能_副本/PROJECT/mooc_executable/aoaostar_mooc
2025-01-18 13:42:20,191 [INFO] mooc_manager: 运行模式: Docker
2025-01-18 13:42:20,191 [INFO] mooc_manager: 最大并发任务数: 50
2025-01-18 13:56:11,875 [INFO] mooc_manager: MoocManager初始化 - 可执行文件: /Users/lixixian/Desktop/WEB初定版本1无付费功能_副本/PROJECT/mooc_executable/aoaostar_mooc
2025-01-18 13:56:11,875 [INFO] mooc_manager: 运行模式: Docker
2025-01-18 13:56:11,875 [INFO] mooc_manager: 最大并发任务数: 50
2025-01-18 13:58:35,193 [INFO] mooc_manager: MoocManager初始化 - 可执行文件: /Users/lixixian/Desktop/WEB初定版本1无付费功能_副本/PROJECT/mooc_executable/aoaostar_mooc
2025-01-18 13:58:35,193 [INFO] mooc_manager: 运行模式: Docker
2025-01-18 13:58:35,193 [INFO] mooc_manager: 最大并发任务数: 50
2025-01-18 13:59:54,934 [INFO] mooc_manager: MoocManager初始化 - 可执行文件: /Users/lixixian/Desktop/WEB初定版本1无付费功能_副本/PROJECT/mooc_executable/aoaostar_mooc
2025-01-18 13:59:54,934 [INFO] mooc_manager: 运行模式: Docker
2025-01-18 13:59:54,935 [INFO] mooc_manager: 最大并发任务数: 50
2025-01-18 14:19:57,781 [INFO] mooc_manager: MoocManager初始化 - 可执行文件: /Users/lixixian/Desktop/WEB初定版本1无付费功能_副本/PROJECT/mooc_executable/aoaostar_mooc
2025-01-18 14:19:57,781 [INFO] mooc_manager: 运行模式: Docker
2025-01-18 14:19:57,781 [INFO] mooc_manager: 最大并发任务数: 50
2025-01-18 14:19:58,365 [INFO] mooc_manager: MoocManager初始化 - 可执行文件: /Users/lixixian/Desktop/WEB初定版本1无付费功能_副本/PROJECT/mooc_executable/aoaostar_mooc
2025-01-18 14:19:58,365 [INFO] mooc_manager: 运行模式: Docker
2025-01-18 14:19:58,365 [INFO] mooc_manager: 最大并发任务数: 50
2025-01-18 14:24:16,702 [INFO] mooc_manager: MoocManager初始化 - 可执行文件: /Users/lixixian/Desktop/WEB初定版本1无付费功能_副本/PROJECT/mooc_executable/aoaostar_mooc
2025-01-18 14:24:16,703 [INFO] mooc_manager: 运行模式: Docker
2025-01-18 14:24:16,703 [INFO] mooc_manager: 最大并发任务数: 50
2025-01-18 14:24:24,742 [INFO] mooc_manager: MoocManager初始化 - 可执行文件: /Users/lixixian/Desktop/WEB初定版本1无付费功能_副本/PROJECT/mooc_executable/aoaostar_mooc
2025-01-18 14:24:24,742 [INFO] mooc_manager: 运行模式: Docker
2025-01-18 14:24:24,742 [INFO] mooc_manager: 最大并发任务数: 50
2025-01-18 14:24:25,257 [INFO] mooc_manager: MoocManager初始化 - 可执行文件: /Users/lixixian/Desktop/WEB初定版本1无付费功能_副本/PROJECT/mooc_executable/aoaostar_mooc
2025-01-18 14:24:25,257 [INFO] mooc_manager: 运行模式: Docker
2025-01-18 14:24:25,257 [INFO] mooc_manager: 最大并发任务数: 50
2025-01-18 14:33:20,703 [INFO] mooc_manager: MoocManager初始化 - 可执行文件: /Users/lixixian/Desktop/WEB初定版本1无付费功能_副本/PROJECT/mooc_executable/aoaostar_mooc
2025-01-18 14:33:20,703 [INFO] mooc_manager: 运行模式: Docker
2025-01-18 14:33:20,703 [INFO] mooc_manager: 最大并发任务数: 50
2025-01-18 14:34:14,103 [INFO] mooc_manager: MoocManager初始化 - 可执行文件: /Users/lixixian/Desktop/WEB初定版本1无付费功能_副本/PROJECT/mooc_executable/aoaostar_mooc
2025-01-18 14:34:14,104 [INFO] mooc_manager: 运行模式: Docker
2025-01-18 14:34:14,104 [INFO] mooc_manager: 最大并发任务数: 50
2025-01-18 14:35:03,574 [INFO] mooc_manager: MoocManager初始化 - 可执行文件: /Users/lixixian/Desktop/WEB初定版本1无付费功能_副本/PROJECT/mooc_executable/aoaostar_mooc
2025-01-18 14:35:03,574 [INFO] mooc_manager: 运行模式: Docker
2025-01-18 14:35:03,574 [INFO] mooc_manager: 最大并发任务数: 50
2025-01-18 14:35:15,824 [INFO] mooc_manager: MoocManager初始化 - 可执行文件: /Users/lixixian/Desktop/WEB初定版本1无付费功能_副本/PROJECT/mooc_executable/aoaostar_mooc
2025-01-18 14:35:15,824 [INFO] mooc_manager: 运行模式: Docker
2025-01-18 14:35:15,824 [INFO] mooc_manager: 最大并发任务数: 50
2025-01-18 14:35:25,903 [INFO] mooc_manager: MoocManager初始化 - 可执行文件: /Users/lixixian/Desktop/WEB初定版本1无付费功能_副本/PROJECT/mooc_executable/aoaostar_mooc
2025-01-18 14:35:25,904 [INFO] mooc_manager: 运行模式: Docker
2025-01-18 14:35:25,904 [INFO] mooc_manager: 最大并发任务数: 50
2025-01-18 14:35:26,426 [INFO] mooc_manager: MoocManager初始化 - 可执行文件: /Users/lixixian/Desktop/WEB初定版本1无付费功能_副本/PROJECT/mooc_executable/aoaostar_mooc
2025-01-18 14:35:26,426 [INFO] mooc_manager: 运行模式: Docker
2025-01-18 14:35:26,426 [INFO] mooc_manager: 最大并发任务数: 50
2025-01-18 14:36:04,607 [INFO] mooc_manager: MoocManager初始化 - 可执行文件: /Users/lixixian/Desktop/WEB初定版本1无付费功能_副本/PROJECT/mooc_executable/aoaostar_mooc
2025-01-18 14:36:04,607 [INFO] mooc_manager: 运行模式: Docker
2025-01-18 14:36:04,607 [INFO] mooc_manager: 最大并发任务数: 50
2025-01-18 14:36:17,692 [INFO] mooc_manager: MoocManager初始化 - 可执行文件: /Users/lixixian/Desktop/WEB初定版本1无付费功能_副本/PROJECT/mooc_executable/aoaostar_mooc
2025-01-18 14:36:17,692 [INFO] mooc_manager: 运行模式: Docker
2025-01-18 14:36:17,692 [INFO] mooc_manager: 最大并发任务数: 50
2025-01-18 14:36:27,769 [INFO] mooc_manager: MoocManager初始化 - 可执行文件: /Users/lixixian/Desktop/WEB初定版本1无付费功能_副本/PROJECT/mooc_executable/aoaostar_mooc
2025-01-18 14:36:27,769 [INFO] mooc_manager: 运行模式: Docker
2025-01-18 14:36:27,769 [INFO] mooc_manager: 最大并发任务数: 50
2025-01-18 14:46:15,152 [INFO] mooc_manager: MoocManager初始化 - 可执行文件: /Users/lixixian/Desktop/WEB初定版本1无付费功能_副本/PROJECT/mooc_executable/aoaostar_mooc
2025-01-18 14:46:15,153 [INFO] mooc_manager: 运行模式: Docker
2025-01-18 14:46:15,153 [INFO] mooc_manager: 最大并发任务数: 50
2025-01-18 14:46:20,132 [INFO] mooc_manager: MoocManager初始化 - 可执行文件: /Users/lixixian/Desktop/WEB初定版本1无付费功能_副本/PROJECT/mooc_executable/aoaostar_mooc
2025-01-18 14:46:20,137 [INFO] mooc_manager: 运行模式: Docker
2025-01-18 14:46:20,137 [INFO] mooc_manager: 最大并发任务数: 50
2025-01-18 14:46:42,382 [INFO] mooc_manager: MoocManager初始化 - 可执行文件: /Users/lixixian/Desktop/WEB初定版本1无付费功能_副本/PROJECT/mooc_executable/aoaostar_mooc
2025-01-18 14:46:42,382 [INFO] mooc_manager: 运行模式: Docker
2025-01-18 14:46:42,382 [INFO] mooc_manager: 最大并发任务数: 50
2025-01-18 14:46:44,363 [INFO] mooc_manager: MoocManager初始化 - 可执行文件: /Users/lixixian/Desktop/WEB初定版本1无付费功能_副本/PROJECT/mooc_executable/aoaostar_mooc
2025-01-18 14:46:44,363 [INFO] mooc_manager: 运行模式: Docker
2025-01-18 14:46:44,363 [INFO] mooc_manager: 最大并发任务数: 50
2025-01-18 14:49:09,710 [INFO] mooc_manager: MoocManager初始化 - 可执行文件: /Users/lixixian/Desktop/WEB初定版本1无付费功能_副本/PROJECT/mooc_executable/aoaostar_mooc
2025-01-18 14:49:09,710 [INFO] mooc_manager: 运行模式: Docker
2025-01-18 14:49:09,710 [INFO] mooc_manager: 最大并发任务数: 50
2025-01-18 14:49:22,866 [INFO] mooc_manager: MoocManager初始化 - 可执行文件: /Users/lixixian/Desktop/WEB初定版本1无付费功能_副本/PROJECT/mooc_executable/aoaostar_mooc
2025-01-18 14:49:22,867 [INFO] mooc_manager: 运行模式: Docker
2025-01-18 14:49:22,867 [INFO] mooc_manager: 最大并发任务数: 50
2025-01-18 14:49:33,834 [INFO] mooc_manager: MoocManager初始化 - 可执行文件: /Users/lixixian/Desktop/WEB初定版本1无付费功能_副本/PROJECT/mooc_executable/aoaostar_mooc
2025-01-18 14:49:33,834 [INFO] mooc_manager: 运行模式: Docker
2025-01-18 14:49:33,835 [INFO] mooc_manager: 最大并发任务数: 50
2025-01-18 14:51:40,266 [INFO] mooc_manager: 开始任务 - ID: 1, 账号: 202425040113
2025-01-18 14:51:40,267 [INFO] mooc_manager: 更新配置 - ID: 1, 账号: 202425040113
2025-01-18 14:51:40,267 [INFO] mooc_manager: 保存配置文件 - 路径: /Users/lixixian/Desktop/WEB初定版本1无付费功能_副本/PROJECT/mooc_configs/config_1.json
2025-01-18 14:51:40,268 [INFO] mooc_manager: 使用Docker启动任务 - ID: 1
2025-01-18 14:51:44,386 [ERROR] mooc_manager: 账号 202425040113 已有正在运行的任务
2025-01-18 14:51:44,386 [ERROR] mooc_manager: 任务启动失败 - ID: 2: 账号 202425040113 已有正在运行的任务
Traceback (most recent call last):
  File "/Users/lixixian/Desktop/WEB初定版本1无付费功能_副本/PROJECT/mooc_manager.py", line 115, in start_task
    raise RuntimeError(error)
RuntimeError: 账号 202425040113 已有正在运行的任务
2025-01-18 14:51:45,285 [INFO] mooc_manager: 任务启动成功 - ID: 1
2025-01-18 14:51:46,288 [INFO] mooc_manager: 任务启动成功 - ID: 1
2025-01-18 14:51:46,289 [INFO] mooc_manager: 登录成功 - ID: 1
2025-01-18 14:51:46,289 [INFO] mooc_manager: 任务系统启动成功 - ID: 1
2025-01-18 14:51:46,289 [INFO] mooc_manager: 任务运行中 - ID: 1
2025-01-18 14:53:35,761 [INFO] mooc_manager: 开始任务 - ID: 3, 账号: 202425040113
2025-01-18 14:53:35,761 [INFO] mooc_manager: 更新配置 - ID: 3, 账号: 202425040113
2025-01-18 14:53:35,761 [INFO] mooc_manager: 保存配置文件 - 路径: /Users/lixixian/Desktop/WEB初定版本1无付费功能_副本/PROJECT/mooc_configs/config_3.json
2025-01-18 14:53:35,762 [INFO] mooc_manager: 使用Docker启动任务 - ID: 3
2025-01-18 14:53:37,774 [INFO] mooc_manager: 任务启动成功 - ID: 3
2025-01-18 14:53:37,774 [ERROR] mooc_manager: 进程意外结束 - ID: 3, 返回码: 1
2025-01-18 14:53:37,775 [ERROR] mooc_manager: 任务启动失败 - ID: 3: 进程意外结束 - ID: 3, 返回码: 1
Traceback (most recent call last):
  File "/Users/lixixian/Desktop/WEB初定版本1无付费功能_副本/PROJECT/mooc_manager.py", line 263, in start_task
    raise RuntimeError(error_msg)
RuntimeError: 进程意外结束 - ID: 3, 返回码: 1
2025-01-18 14:53:41,564 [WARNING] mooc_manager: 找不到任务日志 - ID: 2
2025-01-18 14:53:43,973 [INFO] mooc_manager: 获取任务状态 - ID: 1, 状态: 已完成
2025-01-18 14:53:47,423 [INFO] mooc_manager: 获取任务状态 - ID: 3, 状态: 正在启动
2025-01-18 14:54:31,650 [INFO] mooc_manager: 开始任务 - ID: 4, 账号: 100000000000
2025-01-18 14:54:31,651 [INFO] mooc_manager: 更新配置 - ID: 4, 账号: 100000000000
2025-01-18 14:54:31,651 [INFO] mooc_manager: 保存配置文件 - 路径: /Users/lixixian/Desktop/WEB初定版本1无付费功能_副本/PROJECT/mooc_configs/config_4.json
2025-01-18 14:54:31,651 [INFO] mooc_manager: 使用Docker启动任务 - ID: 4
2025-01-18 14:54:34,667 [INFO] mooc_manager: 任务启动成功 - ID: 4
2025-01-18 14:54:34,668 [ERROR] mooc_manager: 进程意外结束 - ID: 4, 返回码: 1
2025-01-18 14:54:34,668 [ERROR] mooc_manager: 任务启动失败 - ID: 4: 进程意外结束 - ID: 4, 返回码: 1
Traceback (most recent call last):
  File "/Users/lixixian/Desktop/WEB初定版本1无付费功能_副本/PROJECT/mooc_manager.py", line 263, in start_task
    raise RuntimeError(error_msg)
RuntimeError: 进程意外结束 - ID: 4, 返回码: 1
2025-01-18 14:54:38,575 [INFO] mooc_manager: 获取任务状态 - ID: 4, 状态: 账号错误
2025-01-18 14:54:49,309 [INFO] mooc_manager: 开始任务 - ID: 5, 账号: 202425040113
2025-01-18 14:54:49,309 [INFO] mooc_manager: 更新配置 - ID: 5, 账号: 202425040113
2025-01-18 14:54:49,310 [INFO] mooc_manager: 保存配置文件 - 路径: /Users/lixixian/Desktop/WEB初定版本1无付费功能_副本/PROJECT/mooc_configs/config_5.json
2025-01-18 14:54:49,310 [INFO] mooc_manager: 使用Docker启动任务 - ID: 5
2025-01-18 14:54:51,325 [INFO] mooc_manager: 任务启动成功 - ID: 5
2025-01-18 14:54:51,332 [ERROR] mooc_manager: 进程意外结束 - ID: 5, 返回码: 1
2025-01-18 14:54:51,332 [ERROR] mooc_manager: 任务启动失败 - ID: 5: 进程意外结束 - ID: 5, 返回码: 1
Traceback (most recent call last):
  File "/Users/lixixian/Desktop/WEB初定版本1无付费功能_副本/PROJECT/mooc_manager.py", line 263, in start_task
    raise RuntimeError(error_msg)
RuntimeError: 进程意外结束 - ID: 5, 返回码: 1
2025-01-18 14:54:53,708 [INFO] mooc_manager: 获取任务状态 - ID: 5, 状态: 正在启动
2025-01-18 14:55:43,476 [INFO] mooc_manager: 获取任务状态 - ID: 1, 状态: 已完成
2025-01-18 14:55:47,816 [INFO] mooc_manager: 获取任务状态 - ID: 3, 状态: 正在启动
2025-01-18 14:55:49,683 [INFO] mooc_manager: 获取任务状态 - ID: 4, 状态: 账号错误
2025-01-18 15:15:49,878 [INFO] mooc_manager: MoocManager初始化 - 可执行文件: /Users/lixixian/Desktop/WEB初定版本1加入付费系统_副本2/PROJECT/mooc_executable/aoaostar_mooc
2025-01-18 15:15:49,878 [INFO] mooc_manager: 运行模式: Docker
2025-01-18 15:15:49,878 [INFO] mooc_manager: 最大并发任务数: 50
2025-01-18 15:16:46,809 [INFO] mooc_manager: MoocManager初始化 - 可执行文件: /Users/lixixian/Desktop/WEB初定版本1加入付费系统_副本2/PROJECT/mooc_executable/aoaostar_mooc
2025-01-18 15:16:46,809 [INFO] mooc_manager: 运行模式: Docker
2025-01-18 15:16:46,809 [INFO] mooc_manager: 最大并发任务数: 50
2025-01-18 15:16:47,850 [INFO] mooc_manager: MoocManager初始化 - 可执行文件: /Users/lixixian/Desktop/WEB初定版本1加入付费系统_副本2/PROJECT/mooc_executable/aoaostar_mooc
2025-01-18 15:16:47,850 [INFO] mooc_manager: 运行模式: Docker
2025-01-18 15:16:47,850 [INFO] mooc_manager: 最大并发任务数: 50
2025-01-18 15:18:11,725 [INFO] mooc_manager: 开始任务 - ID: 6, 账号: 202425040113
2025-01-18 15:18:11,725 [INFO] mooc_manager: 更新配置 - ID: 6, 账号: 202425040113
2025-01-18 15:18:11,726 [INFO] mooc_manager: 保存配置文件 - 路径: /Users/lixixian/Desktop/WEB初定版本1加入付费系统_副本2/PROJECT/mooc_configs/config_6.json
2025-01-18 15:18:11,726 [INFO] mooc_manager: 使用Docker启动任务 - ID: 6
2025-01-18 15:18:17,750 [INFO] mooc_manager: 任务启动成功 - ID: 6
2025-01-18 15:18:17,750 [ERROR] mooc_manager: 进程意外结束 - ID: 6, 返回码: 1
2025-01-18 15:18:17,750 [ERROR] mooc_manager: 任务启动失败 - ID: 6: 进程意外结束 - ID: 6, 返回码: 1
Traceback (most recent call last):
  File "/Users/lixixian/Desktop/WEB初定版本1加入付费系统_副本2/PROJECT/mooc_manager.py", line 263, in start_task
    raise RuntimeError(error_msg)
RuntimeError: 进程意外结束 - ID: 6, 返回码: 1
2025-01-18 15:18:18,943 [INFO] mooc_manager: 获取任务状态 - ID: 6, 状态: 正在启动
2025-01-18 15:20:41,459 [INFO] mooc_manager: 获取任务状态 - ID: 6, 状态: 正在启动
2025-01-18 15:20:42,115 [INFO] mooc_manager: 获取任务状态 - ID: 6, 状态: 正在启动
2025-01-18 15:26:19,018 [INFO] mooc_manager: MoocManager初始化 - 可执行文件: /Users/lixixian/Desktop/WEB初定版本1加入付费系统_副本2/PROJECT/mooc_executable/aoaostar_mooc
2025-01-18 15:26:19,019 [INFO] mooc_manager: 运行模式: Docker
2025-01-18 15:26:19,019 [INFO] mooc_manager: 最大并发任务数: 50
2025-01-18 15:26:26,917 [INFO] mooc_manager: MoocManager初始化 - 可执行文件: /Users/lixixian/Desktop/WEB初定版本1加入付费系统_副本2/PROJECT/mooc_executable/aoaostar_mooc
2025-01-18 15:26:26,917 [INFO] mooc_manager: 运行模式: Docker
2025-01-18 15:26:26,917 [INFO] mooc_manager: 最大并发任务数: 50
2025-01-18 15:26:31,936 [INFO] mooc_manager: 开始任务 - ID: 7, 账号: 202425040113
2025-01-18 15:26:31,937 [INFO] mooc_manager: 更新配置 - ID: 7, 账号: 202425040113
2025-01-18 15:26:31,937 [INFO] mooc_manager: 保存配置文件 - 路径: /Users/lixixian/Desktop/WEB初定版本1加入付费系统_副本2/PROJECT/mooc_configs/config_7.json
2025-01-18 15:26:31,937 [INFO] mooc_manager: 使用Docker启动任务 - ID: 7
2025-01-18 15:26:36,957 [INFO] mooc_manager: 任务启动成功 - ID: 7
2025-01-18 15:26:37,962 [INFO] mooc_manager: 任务启动成功 - ID: 7
2025-01-18 15:26:37,962 [ERROR] mooc_manager: 进程意外结束 - ID: 7, 返回码: 1
2025-01-18 15:26:37,963 [ERROR] mooc_manager: 任务启动失败 - ID: 7: 进程意外结束 - ID: 7, 返回码: 1
Traceback (most recent call last):
  File "/Users/lixixian/Desktop/WEB初定版本1加入付费系统_副本2/PROJECT/mooc_manager.py", line 263, in start_task
    raise RuntimeError(error_msg)
RuntimeError: 进程意外结束 - ID: 7, 返回码: 1
2025-01-18 15:26:39,297 [INFO] mooc_manager: 获取任务状态 - ID: 7, 状态: 账号密码错误
2025-01-18 15:26:48,513 [INFO] mooc_manager: 开始任务 - ID: 8, 账号: 100000000000
2025-01-18 15:26:48,514 [INFO] mooc_manager: 更新配置 - ID: 8, 账号: 100000000000
2025-01-18 15:26:48,516 [INFO] mooc_manager: 保存配置文件 - 路径: /Users/lixixian/Desktop/WEB初定版本1加入付费系统_副本2/PROJECT/mooc_configs/config_8.json
2025-01-18 15:26:48,517 [INFO] mooc_manager: 使用Docker启动任务 - ID: 8
2025-01-18 15:26:50,530 [INFO] mooc_manager: 任务启动成功 - ID: 8
2025-01-18 15:26:50,531 [ERROR] mooc_manager: 进程意外结束 - ID: 8, 返回码: 1
2025-01-18 15:26:50,531 [ERROR] mooc_manager: 任务启动失败 - ID: 8: 进程意外结束 - ID: 8, 返回码: 1
Traceback (most recent call last):
  File "/Users/lixixian/Desktop/WEB初定版本1加入付费系统_副本2/PROJECT/mooc_manager.py", line 263, in start_task
    raise RuntimeError(error_msg)
RuntimeError: 进程意外结束 - ID: 8, 返回码: 1
2025-01-18 15:26:52,590 [INFO] mooc_manager: 获取任务状态 - ID: 8, 状态: 账号错误
2025-01-18 17:37:22,355 [INFO] mooc_manager: 开始任务 - ID: 9, 账号: 202425040113
2025-01-18 17:37:22,357 [INFO] mooc_manager: 更新配置 - ID: 9, 账号: 202425040113
2025-01-18 17:37:22,358 [INFO] mooc_manager: 保存配置文件 - 路径: /Users/lixixian/Desktop/WEB初定版本1加入付费系统_副本2/PROJECT/mooc_configs/config_9.json
2025-01-18 17:37:22,358 [INFO] mooc_manager: 使用Docker启动任务 - ID: 9
2025-01-18 17:37:44,443 [INFO] mooc_manager: 任务启动成功 - ID: 9
2025-01-18 17:37:44,443 [ERROR] mooc_manager: 进程意外结束 - ID: 9, 返回码: 1
2025-01-18 17:37:44,443 [ERROR] mooc_manager: 任务启动失败 - ID: 9: 进程意外结束 - ID: 9, 返回码: 1
Traceback (most recent call last):
  File "/Users/lixixian/Desktop/WEB初定版本1加入付费系统_副本2/PROJECT/mooc_manager.py", line 263, in start_task
    raise RuntimeError(error_msg)
RuntimeError: 进程意外结束 - ID: 9, 返回码: 1
2025-01-18 17:37:49,113 [INFO] mooc_manager: 获取任务状态 - ID: 9, 状态: 账号密码错误
2025-01-18 17:37:52,251 [INFO] mooc_manager: 获取任务状态 - ID: 9, 状态: 账号密码错误
2025-01-18 17:38:01,561 [INFO] mooc_manager: 开始任务 - ID: 10, 账号: 202425040113
2025-01-18 17:38:01,562 [INFO] mooc_manager: 更新配置 - ID: 10, 账号: 202425040113
2025-01-18 17:38:01,562 [INFO] mooc_manager: 保存配置文件 - 路径: /Users/lixixian/Desktop/WEB初定版本1加入付费系统_副本2/PROJECT/mooc_configs/config_10.json
2025-01-18 17:38:01,563 [INFO] mooc_manager: 使用Docker启动任务 - ID: 10
2025-01-18 17:38:06,587 [INFO] mooc_manager: 任务启动成功 - ID: 10
2025-01-18 17:38:06,588 [INFO] mooc_manager: 登录成功 - ID: 10
2025-01-18 17:38:06,588 [INFO] mooc_manager: 任务系统启动成功 - ID: 10
2025-01-18 17:38:06,588 [INFO] mooc_manager: 任务运行中 - ID: 10
2025-01-18 17:38:06,606 [INFO] mooc_manager: 获取任务状态 - ID: 10, 状态: 已完成
2025-01-18 17:39:15,332 [INFO] mooc_manager: 获取任务状态 - ID: 10, 状态: 已完成
2025-01-18 17:44:36,568 [INFO] mooc_manager: 开始任务 - ID: 11, 账号: 202425040113
2025-01-18 17:44:36,569 [INFO] mooc_manager: 更新配置 - ID: 11, 账号: 202425040113
2025-01-18 17:44:36,569 [INFO] mooc_manager: 保存配置文件 - 路径: /Users/lixixian/Desktop/WEB初定版本1加入付费系统_副本2/PROJECT/mooc_configs/config_11.json
2025-01-18 17:44:36,570 [INFO] mooc_manager: 使用Docker启动任务 - ID: 11
2025-01-18 17:44:41,599 [INFO] mooc_manager: 任务启动成功 - ID: 11
2025-01-18 17:44:42,603 [INFO] mooc_manager: 任务启动成功 - ID: 11
2025-01-18 17:44:42,604 [ERROR] mooc_manager: 进程意外结束 - ID: 11, 返回码: 1
2025-01-18 17:44:42,604 [ERROR] mooc_manager: 任务启动失败 - ID: 11: 进程意外结束 - ID: 11, 返回码: 1
Traceback (most recent call last):
  File "/Users/lixixian/Desktop/WEB初定版本1加入付费系统_副本2/PROJECT/mooc_manager.py", line 263, in start_task
    raise RuntimeError(error_msg)
RuntimeError: 进程意外结束 - ID: 11, 返回码: 1
2025-01-18 17:44:50,834 [INFO] mooc_manager: 获取任务状态 - ID: 11, 状态: 账号密码错误
2025-01-19 19:47:08,020 [INFO] mooc_manager: MoocManager初始化 - 可执行文件: /Users/lixixian/Desktop/WEB初定版本1加入付费系统_副本2/PROJECT/mooc_executable/aoaostar_mooc
2025-01-19 19:47:08,021 [INFO] mooc_manager: 运行模式: Docker
2025-01-19 19:47:08,022 [INFO] mooc_manager: 最大并发任务数: 50
2025-01-19 19:47:31,310 [INFO] mooc_manager: MoocManager初始化 - 可执行文件: /Users/lixixian/Desktop/WEB初定版本1加入付费系统_副本2/PROJECT/mooc_executable/aoaostar_mooc
2025-01-19 19:47:31,310 [INFO] mooc_manager: 运行模式: Docker
2025-01-19 19:47:31,311 [INFO] mooc_manager: 最大并发任务数: 50
2025-01-19 19:47:56,447 [INFO] mooc_manager: MoocManager初始化 - 可执行文件: /Users/lixixian/Desktop/WEB初定版本1加入付费系统_副本2/PROJECT/mooc_executable/aoaostar_mooc
2025-01-19 19:47:56,447 [INFO] mooc_manager: 运行模式: Docker
2025-01-19 19:47:56,447 [INFO] mooc_manager: 最大并发任务数: 50
2025-01-19 19:48:03,486 [INFO] mooc_manager: MoocManager初始化 - 可执行文件: /Users/lixixian/Desktop/WEB初定版本1加入付费系统_副本2/PROJECT/mooc_executable/aoaostar_mooc
2025-01-19 19:48:03,486 [INFO] mooc_manager: 运行模式: Docker
2025-01-19 19:48:03,487 [INFO] mooc_manager: 最大并发任务数: 50
2025-01-19 19:48:21,068 [INFO] mooc_manager: 获取任务状态 - ID: 12, 状态: 已完成
2025-01-19 19:48:43,262 [WARNING] mooc_manager: 找不到任务日志 - ID: 13
2025-01-19 19:48:45,959 [WARNING] mooc_manager: 找不到任务日志 - ID: 13
2025-01-19 19:48:59,572 [WARNING] mooc_manager: 找不到任务日志 - ID: 14
2025-01-19 19:49:02,468 [WARNING] mooc_manager: 找不到任务日志 - ID: 14
2025-01-19 19:49:04,690 [WARNING] mooc_manager: 找不到任务日志 - ID: 14
2025-01-19 19:49:20,609 [WARNING] mooc_manager: 找不到任务日志 - ID: 14
2025-01-19 19:50:15,292 [WARNING] mooc_manager: 找不到任务日志 - ID: 16
2025-01-19 19:51:21,816 [INFO] mooc_manager: MoocManager初始化 - 可执行文件: /Users/lixixian/Desktop/WEB初定版本1加入付费系统_副本2/PROJECT/mooc_executable/aoaostar_mooc
2025-01-19 19:51:21,823 [INFO] mooc_manager: 运行模式: Docker
2025-01-19 19:51:21,823 [INFO] mooc_manager: 最大并发任务数: 50
2025-01-19 19:51:33,886 [INFO] mooc_manager: MoocManager初始化 - 可执行文件: /Users/lixixian/Desktop/WEB初定版本1加入付费系统_副本2/PROJECT/mooc_executable/aoaostar_mooc
2025-01-19 19:51:33,886 [INFO] mooc_manager: 运行模式: Docker
2025-01-19 19:51:33,887 [INFO] mooc_manager: 最大并发任务数: 50
2025-01-19 19:51:39,956 [INFO] mooc_manager: MoocManager初始化 - 可执行文件: /Users/lixixian/Desktop/WEB初定版本1加入付费系统_副本2/PROJECT/mooc_executable/aoaostar_mooc
2025-01-19 19:51:39,956 [INFO] mooc_manager: 运行模式: Docker
2025-01-19 19:51:39,956 [INFO] mooc_manager: 最大并发任务数: 50
2025-01-19 19:51:50,681 [INFO] mooc_manager: MoocManager初始化 - 可执行文件: /Users/lixixian/Desktop/WEB初定版本1加入付费系统_副本2/PROJECT/mooc_executable/aoaostar_mooc
2025-01-19 19:51:50,681 [INFO] mooc_manager: 运行模式: Docker
2025-01-19 19:51:50,681 [INFO] mooc_manager: 最大并发任务数: 50
2025-01-19 19:51:51,201 [INFO] mooc_manager: MoocManager初始化 - 可执行文件: /Users/lixixian/Desktop/WEB初定版本1加入付费系统_副本2/PROJECT/mooc_executable/aoaostar_mooc
2025-01-19 19:51:51,201 [INFO] mooc_manager: 运行模式: Docker
2025-01-19 19:51:51,201 [INFO] mooc_manager: 最大并发任务数: 50
2025-01-19 19:53:28,801 [INFO] mooc_manager: MoocManager初始化 - 可执行文件: /Users/lixixian/Desktop/WEB初定版本1加入付费系统_副本2/PROJECT/mooc_executable/aoaostar_mooc
2025-01-19 19:53:28,802 [INFO] mooc_manager: 运行模式: Docker
2025-01-19 19:53:28,802 [INFO] mooc_manager: 最大并发任务数: 50
2025-01-19 19:53:47,950 [INFO] mooc_manager: MoocManager初始化 - 可执行文件: /Users/lixixian/Desktop/WEB初定版本1加入付费系统_副本2/PROJECT/mooc_executable/aoaostar_mooc
2025-01-19 19:53:47,950 [INFO] mooc_manager: 运行模式: Docker
2025-01-19 19:53:47,950 [INFO] mooc_manager: 最大并发任务数: 50
2025-01-19 19:54:20,047 [INFO] mooc_manager: MoocManager初始化 - 可执行文件: /Users/lixixian/Desktop/WEB初定版本1加入付费系统_副本2/PROJECT/mooc_executable/aoaostar_mooc
2025-01-19 19:54:20,047 [INFO] mooc_manager: 运行模式: Docker
2025-01-19 19:54:20,047 [INFO] mooc_manager: 最大并发任务数: 50
2025-01-19 19:54:20,564 [INFO] mooc_manager: MoocManager初始化 - 可执行文件: /Users/lixixian/Desktop/WEB初定版本1加入付费系统_副本2/PROJECT/mooc_executable/aoaostar_mooc
2025-01-19 19:54:20,564 [INFO] mooc_manager: 运行模式: Docker
2025-01-19 19:54:20,564 [INFO] mooc_manager: 最大并发任务数: 50
2025-01-19 19:55:29,169 [INFO] mooc_manager: 开始任务 - ID: 1, 账号: 202425040113, 平台: https://mooc.scauzj.edu.cn
2025-01-19 19:55:29,170 [INFO] mooc_manager: 更新配置 - ID: 1, 账号: 202425040113, 平台: https://mooc.scauzj.edu.cn
2025-01-19 19:55:29,171 [INFO] mooc_manager: 保存配置文件 - 路径: /Users/lixixian/Desktop/WEB初定版本1加入付费系统_副本2/PROJECT/mooc_configs/config_1.json
2025-01-19 19:55:29,171 [INFO] mooc_manager: 使用Docker启动任务 - ID: 1
2025-01-19 19:55:34,194 [ERROR] mooc_manager: 进程意外结束 - ID: 1, 返回码: 125
2025-01-19 19:55:34,195 [ERROR] mooc_manager: 任务启动失败 - ID: 1: 进程意外结束 - ID: 1, 返回码: 125
Traceback (most recent call last):
  File "/Users/lixixian/Desktop/WEB初定版本1加入付费系统_副本2/PROJECT/mooc_manager.py", line 265, in start_task
    raise RuntimeError(error_msg)
RuntimeError: 进程意外结束 - ID: 1, 返回码: 125
2025-01-19 19:55:36,553 [INFO] mooc_manager: 获取任务状态 - ID: 1, 状态: 运行出错
2025-01-19 19:55:51,736 [INFO] mooc_manager: 获取任务状态 - ID: 1, 状态: 运行出错
2025-01-19 19:57:36,023 [INFO] mooc_manager: 开始任务 - ID: 2, 账号: 202425040113, 平台: https://zxshixun.scauzj.edu.cn
2025-01-19 19:57:36,025 [INFO] mooc_manager: 更新配置 - ID: 2, 账号: 202425040113, 平台: https://zxshixun.scauzj.edu.cn
2025-01-19 19:57:36,026 [INFO] mooc_manager: 保存配置文件 - 路径: /Users/lixixian/Desktop/WEB初定版本1加入付费系统_副本2/PROJECT/mooc_configs/config_2.json
2025-01-19 19:57:36,027 [INFO] mooc_manager: 使用Docker启动任务 - ID: 2
2025-01-19 19:57:41,044 [ERROR] mooc_manager: 进程意外结束 - ID: 2, 返回码: 125
2025-01-19 19:57:41,044 [ERROR] mooc_manager: 任务启动失败 - ID: 2: 进程意外结束 - ID: 2, 返回码: 125
Traceback (most recent call last):
  File "/Users/lixixian/Desktop/WEB初定版本1加入付费系统_副本2/PROJECT/mooc_manager.py", line 265, in start_task
    raise RuntimeError(error_msg)
RuntimeError: 进程意外结束 - ID: 2, 返回码: 125
2025-01-19 19:57:42,787 [INFO] mooc_manager: 获取任务状态 - ID: 2, 状态: 运行出错
2025-01-19 19:57:47,680 [INFO] mooc_manager: 获取任务状态 - ID: 2, 状态: 运行出错
2025-01-19 19:59:09,592 [INFO] mooc_manager: MoocManager初始化 - 可执行文件: /Users/lixixian/Desktop/WEB初定版本1加入付费系统_副本2/PROJECT/mooc_executable/aoaostar_mooc
2025-01-19 19:59:09,592 [INFO] mooc_manager: 运行模式: 本地
2025-01-19 19:59:09,592 [INFO] mooc_manager: 最大并发任务数: 50
2025-01-19 19:59:57,874 [INFO] mooc_manager: MoocManager初始化 - 可执行文件: /Users/lixixian/Desktop/WEB初定版本1加入付费系统_副本2/PROJECT/mooc_executable/aoaostar_mooc
2025-01-19 19:59:57,874 [INFO] mooc_manager: 运行模式: 本地
2025-01-19 19:59:57,874 [INFO] mooc_manager: 最大并发任务数: 50
2025-01-19 20:00:15,510 [INFO] mooc_manager: MoocManager初始化 - 可执行文件: /Users/lixixian/Desktop/WEB初定版本1加入付费系统_副本2/PROJECT/mooc_executable/aoaostar_mooc
2025-01-19 20:00:15,510 [INFO] mooc_manager: 运行模式: Docker
2025-01-19 20:00:15,510 [INFO] mooc_manager: 最大并发任务数: 50
2025-01-19 20:00:21,784 [INFO] mooc_manager: MoocManager初始化 - 可执行文件: /Users/lixixian/Desktop/WEB初定版本1加入付费系统_副本2/PROJECT/mooc_executable/aoaostar_mooc
2025-01-19 20:00:21,793 [INFO] mooc_manager: 运行模式: Docker
2025-01-19 20:00:21,793 [INFO] mooc_manager: 最大并发任务数: 50
2025-01-19 20:02:50,665 [INFO] mooc_manager: 开始任务 - ID: 3, 账号: 202425040113, 平台: https://zxshixun.scauzj.edu.cn
2025-01-19 20:02:50,665 [INFO] mooc_manager: 更新配置 - ID: 3, 账号: 202425040113, 平台: https://zxshixun.scauzj.edu.cn
2025-01-19 20:02:50,666 [INFO] mooc_manager: 保存配置文件 - 路径: /Users/lixixian/Desktop/WEB初定版本1加入付费系统_副本2/PROJECT/mooc_configs/config_3.json
2025-01-19 20:02:50,666 [INFO] mooc_manager: 使用Docker启动任务 - ID: 3
2025-01-19 20:02:51,959 [ERROR] mooc_manager: 账号 202425040113 已有正在运行的任务
2025-01-19 20:02:51,959 [ERROR] mooc_manager: 任务启动失败 - ID: 4: 账号 202425040113 已有正在运行的任务
Traceback (most recent call last):
  File "/Users/lixixian/Desktop/WEB初定版本1加入付费系统_副本2/PROJECT/mooc_manager.py", line 115, in start_task
    raise RuntimeError(error)
RuntimeError: 账号 202425040113 已有正在运行的任务
2025-01-19 20:02:53,354 [INFO] mooc_manager: 获取任务状态 - ID: 4, 状态: 账号错误
2025-01-19 20:02:55,220 [INFO] mooc_manager: 获取任务状态 - ID: 3, 状态: 运行出错
2025-01-19 20:02:55,691 [ERROR] mooc_manager: 进程意外结束 - ID: 3, 返回码: 125
2025-01-19 20:02:55,692 [ERROR] mooc_manager: 任务启动失败 - ID: 3: 进程意外结束 - ID: 3, 返回码: 125
Traceback (most recent call last):
  File "/Users/lixixian/Desktop/WEB初定版本1加入付费系统_副本2/PROJECT/mooc_manager.py", line 266, in start_task
    raise RuntimeError(error_msg)
RuntimeError: 进程意外结束 - ID: 3, 返回码: 125
2025-01-19 20:02:56,988 [INFO] mooc_manager: 获取任务状态 - ID: 3, 状态: 运行出错
2025-01-19 20:02:59,854 [INFO] mooc_manager: 获取任务状态 - ID: 3, 状态: 运行出错
2025-01-19 20:03:07,076 [INFO] mooc_manager: 开始任务 - ID: 5, 账号: 202425040113, 平台: https://mooc.scauzj.edu.cn
2025-01-19 20:03:07,076 [INFO] mooc_manager: 更新配置 - ID: 5, 账号: 202425040113, 平台: https://mooc.scauzj.edu.cn
2025-01-19 20:03:07,078 [INFO] mooc_manager: 保存配置文件 - 路径: /Users/lixixian/Desktop/WEB初定版本1加入付费系统_副本2/PROJECT/mooc_configs/config_5.json
2025-01-19 20:03:07,078 [INFO] mooc_manager: 使用Docker启动任务 - ID: 5
2025-01-19 20:03:12,103 [ERROR] mooc_manager: 进程意外结束 - ID: 5, 返回码: 125
2025-01-19 20:03:12,103 [ERROR] mooc_manager: 任务启动失败 - ID: 5: 进程意外结束 - ID: 5, 返回码: 125
Traceback (most recent call last):
  File "/Users/lixixian/Desktop/WEB初定版本1加入付费系统_副本2/PROJECT/mooc_manager.py", line 266, in start_task
    raise RuntimeError(error_msg)
RuntimeError: 进程意外结束 - ID: 5, 返回码: 125
2025-01-19 20:03:14,317 [INFO] mooc_manager: 获取任务状态 - ID: 5, 状态: 运行出错
2025-01-19 20:04:07,646 [INFO] mooc_manager: MoocManager初始化 - 可执行文件: /Users/lixixian/Desktop/WEB初定版本1加入付费系统_副本2/PROJECT/mooc_executable/aoaostar_mooc
2025-01-19 20:04:07,647 [INFO] mooc_manager: 运行模式: Docker
2025-01-19 20:04:07,647 [INFO] mooc_manager: 最大并发任务数: 50
2025-01-19 20:04:24,157 [INFO] mooc_manager: 开始任务 - ID: 6, 账号: 202425040113, 平台: https://zxshixun.scauzj.edu.cn
2025-01-19 20:04:24,158 [INFO] mooc_manager: 更新配置 - ID: 6, 账号: 202425040113, 平台: https://zxshixun.scauzj.edu.cn
2025-01-19 20:04:24,159 [INFO] mooc_manager: 保存配置文件 - 路径: /Users/lixixian/Desktop/WEB初定版本1加入付费系统_副本2/PROJECT/mooc_configs/config_6.json
2025-01-19 20:04:24,159 [INFO] mooc_manager: 使用Docker启动任务 - ID: 6
2025-01-19 20:04:25,165 [INFO] mooc_manager: 任务启动成功 - ID: 6
2025-01-19 20:04:26,170 [INFO] mooc_manager: 任务启动成功 - ID: 6
2025-01-19 20:04:26,170 [INFO] mooc_manager: 登录成功 - ID: 6
2025-01-19 20:04:26,170 [INFO] mooc_manager: 任务系统启动成功 - ID: 6
2025-01-19 20:04:26,170 [INFO] mooc_manager: 任务运行中 - ID: 6
2025-01-19 20:04:26,186 [INFO] mooc_manager: 获取任务状态 - ID: 6, 状态: 已完成
2025-01-19 20:04:33,580 [INFO] mooc_manager: 开始任务 - ID: 7, 账号: 202425040113, 平台: https://mooc.scauzj.edu.cn
2025-01-19 20:04:33,580 [INFO] mooc_manager: 更新配置 - ID: 7, 账号: 202425040113, 平台: https://mooc.scauzj.edu.cn
2025-01-19 20:04:33,581 [INFO] mooc_manager: 保存配置文件 - 路径: /Users/lixixian/Desktop/WEB初定版本1加入付费系统_副本2/PROJECT/mooc_configs/config_7.json
2025-01-19 20:04:33,582 [INFO] mooc_manager: 使用Docker启动任务 - ID: 7
2025-01-19 20:04:34,590 [INFO] mooc_manager: 任务启动成功 - ID: 7
2025-01-19 20:04:35,595 [INFO] mooc_manager: 任务启动成功 - ID: 7
2025-01-19 20:04:35,595 [INFO] mooc_manager: 登录成功 - ID: 7
2025-01-19 20:04:35,596 [INFO] mooc_manager: 任务系统启动成功 - ID: 7
2025-01-19 20:04:35,596 [INFO] mooc_manager: 任务运行中 - ID: 7
2025-01-19 20:04:35,607 [INFO] mooc_manager: 获取任务状态 - ID: 7, 状态: 已完成
2025-01-19 20:05:00,601 [INFO] mooc_manager: 获取任务状态 - ID: 7, 状态: 已完成
2025-01-19 20:22:15,449 [INFO] mooc_manager: 开始任务 - ID: 8, 账号: 202425040113, 平台: https://mooc.scauzj.edu.cn
2025-01-19 20:22:15,450 [INFO] mooc_manager: 更新配置 - ID: 8, 账号: 202425040113, 平台: https://mooc.scauzj.edu.cn
2025-01-19 20:22:15,450 [INFO] mooc_manager: 保存配置文件 - 路径: /Users/lixixian/Desktop/WEB初定版本1加入付费系统_副本2/PROJECT/mooc_configs/config_8.json
2025-01-19 20:22:15,451 [INFO] mooc_manager: 使用Docker启动任务 - ID: 8
2025-01-19 20:22:16,461 [INFO] mooc_manager: 任务启动成功 - ID: 8
2025-01-19 20:22:17,466 [INFO] mooc_manager: 任务启动成功 - ID: 8
2025-01-19 20:22:17,466 [ERROR] mooc_manager: 进程意外结束 - ID: 8, 返回码: 1
2025-01-19 20:22:17,466 [ERROR] mooc_manager: 任务启动失败 - ID: 8: 进程意外结束 - ID: 8, 返回码: 1
Traceback (most recent call last):
  File "/Users/lixixian/Desktop/WEB初定版本1加入付费系统_副本2/PROJECT/mooc_manager.py", line 267, in start_task
    raise RuntimeError(error_msg)
RuntimeError: 进程意外结束 - ID: 8, 返回码: 1
2025-01-19 20:22:19,215 [INFO] mooc_manager: 获取任务状态 - ID: 8, 状态: 账号密码错误
2025-01-19 20:22:36,383 [INFO] mooc_manager: 开始任务 - ID: 9, 账号: 202425040113, 平台: https://mooc.scauzj.edu.cn
2025-01-19 20:22:36,383 [INFO] mooc_manager: 更新配置 - ID: 9, 账号: 202425040113, 平台: https://mooc.scauzj.edu.cn
2025-01-19 20:22:36,384 [INFO] mooc_manager: 保存配置文件 - 路径: /Users/lixixian/Desktop/WEB初定版本1加入付费系统_副本2/PROJECT/mooc_configs/config_9.json
2025-01-19 20:22:36,384 [INFO] mooc_manager: 使用Docker启动任务 - ID: 9
2025-01-19 20:22:37,393 [INFO] mooc_manager: 任务启动成功 - ID: 9
2025-01-19 20:22:38,398 [INFO] mooc_manager: 任务启动成功 - ID: 9
2025-01-19 20:22:38,398 [INFO] mooc_manager: 登录成功 - ID: 9
2025-01-19 20:22:38,398 [INFO] mooc_manager: 任务系统启动成功 - ID: 9
2025-01-19 20:22:38,399 [INFO] mooc_manager: 任务运行中 - ID: 9
2025-01-19 20:22:38,410 [INFO] mooc_manager: 获取任务状态 - ID: 9, 状态: 已完成
2025-01-19 23:40:43,382 [INFO] mooc_manager: MoocManager初始化 - 可执行文件: /Users/lixixian/Desktop/WEB初定版本1加入付费系统_副本2/PROJECT/mooc_executable/aoaostar_mooc
2025-01-19 23:40:43,382 [INFO] mooc_manager: 运行模式: Docker
2025-01-19 23:40:43,382 [INFO] mooc_manager: 最大并发任务数: 50
