[36mINFO[0m[2025-01-08 05:08:04] 
+---------------------------------------------------------------------------------------+
    ___       ___       ___       ___       ___       ___       ___       ___   
   /\  \     /\  \     /\  \     /\  \     /\  \     /\  \     /\  \     /\  \
  /::\  \   /::\  \   /::\  \   /::\  \   /::\  \    \:\  \   /::\  \   /::\  \
 /::\:\__\ /:/\:\__\ /::\:\__\ /:/\:\__\ /\:\:\__\   /::\__\ /::\:\__\ /::\:\__\
 \/\::/  / \:\/:/  / \/\::/  / \:\/:/  / \:\:\/__/  /:/\/__/ \/\::/  / \;:::/  /
   /:/  /   \::/  /    /:/  /   \::/  /   \::/  /   \/__/      /:/  /   |:\/__/ 
   \/__/     \/__/     \/__/     \/__/     \/__/               \/__/     \|__|

                   Github: https://github.com/aoaostar/mooc
            Version: v1.3.2 Runtime: linux/amd64 Go Version: go1.17.13 Author: Pluto
+---------------------------------------------------------------------------------------+ 
[36mINFO[0m[2025-01-08 05:08:04] webç«¯å¯åŠ¨æˆåŠŸ, è¯·è®¿é—® :10086 æŸ¥çœ‹æœåŠ¡çŠ¶æ€                  
[31mFATA[0m[2025-01-08 05:08:05] Post "https://mooc.yinghuaonline.com/api/login.json": x509: certificate signed by unknown authority 
[36mINFO[0m[2025-01-08 05:10:13] 
+---------------------------------------------------------------------------------------+
    ___       ___       ___       ___       ___       ___       ___       ___   
   /\  \     /\  \     /\  \     /\  \     /\  \     /\  \     /\  \     /\  \
  /::\  \   /::\  \   /::\  \   /::\  \   /::\  \    \:\  \   /::\  \   /::\  \
 /::\:\__\ /:/\:\__\ /::\:\__\ /:/\:\__\ /\:\:\__\   /::\__\ /::\:\__\ /::\:\__\
 \/\::/  / \:\/:/  / \/\::/  / \:\/:/  / \:\:\/__/  /:/\/__/ \/\::/  / \;:::/  /
   /:/  /   \::/  /    /:/  /   \::/  /   \::/  /   \/__/      /:/  /   |:\/__/ 
   \/__/     \/__/     \/__/     \/__/     \/__/               \/__/     \|__|

                   Github: https://github.com/aoaostar/mooc
            Version: v1.3.2 Runtime: linux/amd64 Go Version: go1.17.13 Author: Pluto
+---------------------------------------------------------------------------------------+ 
[36mINFO[0m[2025-01-08 05:10:13] webç«¯å¯åŠ¨æˆåŠŸ, è¯·è®¿é—® :10086 æŸ¥çœ‹æœåŠ¡çŠ¶æ€                  
[31mFATA[0m[2025-01-08 05:10:13] è¯·é€‰æ‹©å­¦æ ¡ä¿¡æ¯                                      
[36mINFO[0m[2025-01-08 05:16:22] 
+---------------------------------------------------------------------------------------+
    ___       ___       ___       ___       ___       ___       ___       ___   
   /\  \     /\  \     /\  \     /\  \     /\  \     /\  \     /\  \     /\  \
  /::\  \   /::\  \   /::\  \   /::\  \   /::\  \    \:\  \   /::\  \   /::\  \
 /::\:\__\ /:/\:\__\ /::\:\__\ /:/\:\__\ /\:\:\__\   /::\__\ /::\:\__\ /::\:\__\
 \/\::/  / \:\/:/  / \/\::/  / \:\/:/  / \:\:\/__/  /:/\/__/ \/\::/  / \;:::/  /
   /:/  /   \::/  /    /:/  /   \::/  /   \::/  /   \/__/      /:/  /   |:\/__/ 
   \/__/     \/__/     \/__/     \/__/     \/__/               \/__/     \|__|

                   Github: https://github.com/aoaostar/mooc
            Version: v1.3.2 Runtime: linux/amd64 Go Version: go1.17.13 Author: Pluto
+---------------------------------------------------------------------------------------+ 
[36mINFO[0m[2025-01-08 05:16:22] webç«¯å¯åŠ¨æˆåŠŸ, è¯·è®¿é—® :10086 æŸ¥çœ‹æœåŠ¡çŠ¶æ€                  
[31mFATA[0m[2025-01-08 05:16:22] 404 é¡µé¢æ²¡æœ‰æ‰¾åˆ°:æœªåˆå§‹åŒ–è·¯ç”±å‚æ•°,url:/index/api/login.json 
[36mINFO[0m[2025-01-08 05:16:49] 
+---------------------------------------------------------------------------------------+
    ___       ___       ___       ___       ___       ___       ___       ___   
   /\  \     /\  \     /\  \     /\  \     /\  \     /\  \     /\  \     /\  \
  /::\  \   /::\  \   /::\  \   /::\  \   /::\  \    \:\  \   /::\  \   /::\  \
 /::\:\__\ /:/\:\__\ /::\:\__\ /:/\:\__\ /\:\:\__\   /::\__\ /::\:\__\ /::\:\__\
 \/\::/  / \:\/:/  / \/\::/  / \:\/:/  / \:\:\/__/  /:/\/__/ \/\::/  / \;:::/  /
   /:/  /   \::/  /    /:/  /   \::/  /   \::/  /   \/__/      /:/  /   |:\/__/ 
   \/__/     \/__/     \/__/     \/__/     \/__/               \/__/     \|__|

                   Github: https://github.com/aoaostar/mooc
            Version: v1.3.2 Runtime: linux/amd64 Go Version: go1.17.13 Author: Pluto
+---------------------------------------------------------------------------------------+ 
[36mINFO[0m[2025-01-08 05:16:49] webç«¯å¯åŠ¨æˆåŠŸ, è¯·è®¿é—® :10086 æŸ¥çœ‹æœåŠ¡çŠ¶æ€                  
[31mFATA[0m[2025-01-08 05:16:49] 404 é¡µé¢æ²¡æœ‰æ‰¾åˆ°:æœªåˆå§‹åŒ–è·¯ç”±å‚æ•°,url:/user/login/api/login.json 
[36mINFO[0m[2025-01-08 09:00:19] 
+---------------------------------------------------------------------------------------+
    ___       ___       ___       ___       ___       ___       ___       ___   
   /\  \     /\  \     /\  \     /\  \     /\  \     /\  \     /\  \     /\  \
  /::\  \   /::\  \   /::\  \   /::\  \   /::\  \    \:\  \   /::\  \   /::\  \
 /::\:\__\ /:/\:\__\ /::\:\__\ /:/\:\__\ /\:\:\__\   /::\__\ /::\:\__\ /::\:\__\
 \/\::/  / \:\/:/  / \/\::/  / \:\/:/  / \:\:\/__/  /:/\/__/ \/\::/  / \;:::/  /
   /:/  /   \::/  /    /:/  /   \::/  /   \::/  /   \/__/      /:/  /   |:\/__/ 
   \/__/     \/__/     \/__/     \/__/     \/__/               \/__/     \|__|

                   Github: https://github.com/aoaostar/mooc
            Version: v1.3.2 Runtime: linux/amd64 Go Version: go1.17.13 Author: Pluto
+---------------------------------------------------------------------------------------+ 
[36mINFO[0m[2025-01-08 09:00:19] webç«¯å¯åŠ¨æˆåŠŸ, è¯·è®¿é—® :10086 æŸ¥çœ‹æœåŠ¡çŠ¶æ€                  
[31mFATA[0m[2025-01-08 09:00:20] Post "https://zxshixun.scauzj.edu.cn/api/login.json": x509: certificate signed by unknown authority 
[36mINFO[0m[2025-01-08 09:01:19] 
+---------------------------------------------------------------------------------------+
    ___       ___       ___       ___       ___       ___       ___       ___   
   /\  \     /\  \     /\  \     /\  \     /\  \     /\  \     /\  \     /\  \
  /::\  \   /::\  \   /::\  \   /::\  \   /::\  \    \:\  \   /::\  \   /::\  \
 /::\:\__\ /:/\:\__\ /::\:\__\ /:/\:\__\ /\:\:\__\   /::\__\ /::\:\__\ /::\:\__\
 \/\::/  / \:\/:/  / \/\::/  / \:\/:/  / \:\:\/__/  /:/\/__/ \/\::/  / \;:::/  /
   /:/  /   \::/  /    /:/  /   \::/  /   \::/  /   \/__/      /:/  /   |:\/__/ 
   \/__/     \/__/     \/__/     \/__/     \/__/               \/__/     \|__|

                   Github: https://github.com/aoaostar/mooc
            Version: v1.3.2 Runtime: linux/amd64 Go Version: go1.17.13 Author: Pluto
+---------------------------------------------------------------------------------------+ 
[36mINFO[0m[2025-01-08 09:01:19] webç«¯å¯åŠ¨æˆåŠŸ, è¯·è®¿é—® :10086 æŸ¥çœ‹æœåŠ¡çŠ¶æ€                  
[36mINFO[0m[2025-01-08 09:01:20] [åç¨‹ID=1][202425040113] ç™»å½•æˆåŠŸ                  
[36mINFO[0m[2025-01-08 09:01:20] [åç¨‹ID=1][202425040113] è·å–å…¨éƒ¨åœ¨å­¦è¯¾ç¨‹æˆåŠŸ, å…±è®¡ 2 é—¨    
[36mINFO[0m[2025-01-08 09:01:20] [åç¨‹ID=1][202429011803] ç™»å½•æˆåŠŸ                  
[36mINFO[0m[2025-01-08 09:01:20] [åç¨‹ID=1][202429011803] è·å–å…¨éƒ¨åœ¨å­¦è¯¾ç¨‹æˆåŠŸ, å…±è®¡ 2 é—¨    
[36mINFO[0m[2025-01-08 09:01:20] ä»»åŠ¡ç³»ç»Ÿå¯åŠ¨æˆåŠŸ, åç¨‹æ•°: 4, ä»»åŠ¡æ•°: 4                     
[36mINFO[0m[2025-01-08 09:01:20] [åç¨‹ID=58][202425040113] ç™»å½•æˆåŠŸ                 
[36mINFO[0m[2025-01-08 09:01:20] [åç¨‹ID=58][202425040113] å½“å‰è¯¾ç¨‹[å¤§å­¦ç”Ÿå›½å®¶å®‰å…¨æ•™è‚²][1011382] è¿›åº¦: å·²å­¦ä¹  100%, è·³è¿‡ 
[36mINFO[0m[2025-01-08 09:01:20] [åç¨‹ID=59][202429011803] ç™»å½•æˆåŠŸ                 
[36mINFO[0m[2025-01-08 09:01:20] [åç¨‹ID=59][202429011803] å½“å‰è¯¾ç¨‹[å¤§å­¦ç”Ÿå›½å®¶å®‰å…¨æ•™è‚²][1011387] è¿›åº¦: å·²å­¦ä¹  100%, è·³è¿‡ 
[36mINFO[0m[2025-01-08 09:01:20] [åç¨‹ID=60][202429011803] ç™»å½•æˆåŠŸ                 
[36mINFO[0m[2025-01-08 09:01:20] [åç¨‹ID=60][202429011803] å½“å‰è¯¾ç¨‹[ç¾å­¦å¯¼è®º][1011410] è¿›åº¦: å·²å­¦ä¹  100%, è·³è¿‡ 
[36mINFO[0m[2025-01-08 09:01:20] [åç¨‹ID=57][202425040113] ç™»å½•æˆåŠŸ                 
[36mINFO[0m[2025-01-08 09:01:20] [åç¨‹ID=57][202425040113] å½“å‰è¯¾ç¨‹[ç¾å­¦å¯¼è®º][1011435] è¿›åº¦: å·²å­¦ä¹  100%, è·³è¿‡ 
[36mINFO[0m[2025-01-08 09:01:20] æ­å–œæ‚¨, æ‰€æœ‰ä»»åŠ¡éƒ½å·²å…¨éƒ¨å®Œæˆ~~~                           
[36mINFO[0m[2025-01-08 09:27:54] 
+---------------------------------------------------------------------------------------+
    ___       ___       ___       ___       ___       ___       ___       ___   
   /\  \     /\  \     /\  \     /\  \     /\  \     /\  \     /\  \     /\  \
  /::\  \   /::\  \   /::\  \   /::\  \   /::\  \    \:\  \   /::\  \   /::\  \
 /::\:\__\ /:/\:\__\ /::\:\__\ /:/\:\__\ /\:\:\__\   /::\__\ /::\:\__\ /::\:\__\
 \/\::/  / \:\/:/  / \/\::/  / \:\/:/  / \:\:\/__/  /:/\/__/ \/\::/  / \;:::/  /
   /:/  /   \::/  /    /:/  /   \::/  /   \::/  /   \/__/      /:/  /   |:\/__/ 
   \/__/     \/__/     \/__/     \/__/     \/__/               \/__/     \|__|

                   Github: https://github.com/aoaostar/mooc
            Version: v1.3.2 Runtime: linux/amd64 Go Version: go1.17.13 Author: Pluto
+---------------------------------------------------------------------------------------+ 
[36mINFO[0m[2025-01-08 09:27:54] webç«¯å¯åŠ¨æˆåŠŸ, è¯·è®¿é—® :10086 æŸ¥çœ‹æœåŠ¡çŠ¶æ€                  
[31mFATA[0m[2025-01-08 09:27:57] Post "https://zxshixun.scauzj.edu.cn/api/login.json": x509: certificate signed by unknown authority 
[36mINFO[0m[2025-01-08 09:29:34] 
+---------------------------------------------------------------------------------------+
    ___       ___       ___       ___       ___       ___       ___       ___   
   /\  \     /\  \     /\  \     /\  \     /\  \     /\  \     /\  \     /\  \
  /::\  \   /::\  \   /::\  \   /::\  \   /::\  \    \:\  \   /::\  \   /::\  \
 /::\:\__\ /:/\:\__\ /::\:\__\ /:/\:\__\ /\:\:\__\   /::\__\ /::\:\__\ /::\:\__\
 \/\::/  / \:\/:/  / \/\::/  / \:\/:/  / \:\:\/__/  /:/\/__/ \/\::/  / \;:::/  /
   /:/  /   \::/  /    /:/  /   \::/  /   \::/  /   \/__/      /:/  /   |:\/__/ 
   \/__/     \/__/     \/__/     \/__/     \/__/               \/__/     \|__|

                   Github: https://github.com/aoaostar/mooc
            Version: v1.3.2 Runtime: linux/amd64 Go Version: go1.17.13 Author: Pluto
+---------------------------------------------------------------------------------------+ 
[36mINFO[0m[2025-01-08 09:29:34] webç«¯å¯åŠ¨æˆåŠŸ, è¯·è®¿é—® :10086 æŸ¥çœ‹æœåŠ¡çŠ¶æ€                  
[31mFATA[0m[2025-01-08 09:29:35] Post "https://zxshixun.scauzj.edu.cn/api/login.json": x509: certificate signed by unknown authority 
[36mINFO[0m[2025-01-08 09:32:48] 
+---------------------------------------------------------------------------------------+
    ___       ___       ___       ___       ___       ___       ___       ___   
   /\  \     /\  \     /\  \     /\  \     /\  \     /\  \     /\  \     /\  \
  /::\  \   /::\  \   /::\  \   /::\  \   /::\  \    \:\  \   /::\  \   /::\  \
 /::\:\__\ /:/\:\__\ /::\:\__\ /:/\:\__\ /\:\:\__\   /::\__\ /::\:\__\ /::\:\__\
 \/\::/  / \:\/:/  / \/\::/  / \:\/:/  / \:\:\/__/  /:/\/__/ \/\::/  / \;:::/  /
   /:/  /   \::/  /    /:/  /   \::/  /   \::/  /   \/__/      /:/  /   |:\/__/ 
   \/__/     \/__/     \/__/     \/__/     \/__/               \/__/     \|__|

                   Github: https://github.com/aoaostar/mooc
            Version: v1.3.2 Runtime: linux/amd64 Go Version: go1.17.13 Author: Pluto
+---------------------------------------------------------------------------------------+ 
[36mINFO[0m[2025-01-08 09:32:48] webç«¯å¯åŠ¨æˆåŠŸ, è¯·è®¿é—® :10086 æŸ¥çœ‹æœåŠ¡çŠ¶æ€                  
[36mINFO[0m[2025-01-08 09:32:49] [åç¨‹ID=1][202425040113] ç™»å½•æˆåŠŸ                  
[36mINFO[0m[2025-01-08 09:32:49] [åç¨‹ID=1][202425040113] è·å–å…¨éƒ¨åœ¨å­¦è¯¾ç¨‹æˆåŠŸ, å…±è®¡ 2 é—¨    
[36mINFO[0m[2025-01-08 09:32:49] [åç¨‹ID=1][202429011803] ç™»å½•æˆåŠŸ                  
[36mINFO[0m[2025-01-08 09:32:49] [åç¨‹ID=1][202429011803] è·å–å…¨éƒ¨åœ¨å­¦è¯¾ç¨‹æˆåŠŸ, å…±è®¡ 2 é—¨    
[36mINFO[0m[2025-01-08 09:32:49] ä»»åŠ¡ç³»ç»Ÿå¯åŠ¨æˆåŠŸ, åç¨‹æ•°: 4, ä»»åŠ¡æ•°: 4                     
[36mINFO[0m[2025-01-08 09:32:49] [åç¨‹ID=37][202429011803] ç™»å½•æˆåŠŸ                 
[36mINFO[0m[2025-01-08 09:32:49] [åç¨‹ID=37][202429011803] å½“å‰è¯¾ç¨‹[å¤§å­¦ç”Ÿå›½å®¶å®‰å…¨æ•™è‚²][1011387] è¿›åº¦: å·²å­¦ä¹  100%, è·³è¿‡ 
[36mINFO[0m[2025-01-08 09:32:49] [åç¨‹ID=36][202425040113] ç™»å½•æˆåŠŸ                 
[36mINFO[0m[2025-01-08 09:32:49] [åç¨‹ID=36][202425040113] å½“å‰è¯¾ç¨‹[å¤§å­¦ç”Ÿå›½å®¶å®‰å…¨æ•™è‚²][1011382] è¿›åº¦: å·²å­¦ä¹  100%, è·³è¿‡ 
[36mINFO[0m[2025-01-08 09:32:49] [åç¨‹ID=38][202429011803] ç™»å½•æˆåŠŸ                 
[36mINFO[0m[2025-01-08 09:32:49] [åç¨‹ID=38][202429011803] å½“å‰è¯¾ç¨‹[ç¾å­¦å¯¼è®º][1011410] è¿›åº¦: å·²å­¦ä¹  100%, è·³è¿‡ 
[36mINFO[0m[2025-01-08 09:32:49] [åç¨‹ID=35][202425040113] ç™»å½•æˆåŠŸ                 
[36mINFO[0m[2025-01-08 09:32:49] [åç¨‹ID=35][202425040113] å½“å‰è¯¾ç¨‹[ç¾å­¦å¯¼è®º][1011435] è¿›åº¦: å·²å­¦ä¹  100%, è·³è¿‡ 
[36mINFO[0m[2025-01-08 09:32:49] æ­å–œæ‚¨, æ‰€æœ‰ä»»åŠ¡éƒ½å·²å…¨éƒ¨å®Œæˆ~~~                           
[36mINFO[0m[2025-01-10 07:18:53] 
+---------------------------------------------------------------------------------------+
    ___       ___       ___       ___       ___       ___       ___       ___   
   /\  \     /\  \     /\  \     /\  \     /\  \     /\  \     /\  \     /\  \
  /::\  \   /::\  \   /::\  \   /::\  \   /::\  \    \:\  \   /::\  \   /::\  \
 /::\:\__\ /:/\:\__\ /::\:\__\ /:/\:\__\ /\:\:\__\   /::\__\ /::\:\__\ /::\:\__\
 \/\::/  / \:\/:/  / \/\::/  / \:\/:/  / \:\:\/__/  /:/\/__/ \/\::/  / \;:::/  /
   /:/  /   \::/  /    /:/  /   \::/  /   \::/  /   \/__/      /:/  /   |:\/__/ 
   \/__/     \/__/     \/__/     \/__/     \/__/               \/__/     \|__|

                   Github: https://github.com/aoaostar/mooc
            Version: v1.3.2 Runtime: linux/amd64 Go Version: go1.17.13 Author: Pluto
+---------------------------------------------------------------------------------------+ 
[31mFATA[0m[2025-01-10 07:18:53] invalid character '{' after array element    
[36mINFO[0m[2025-01-10 07:19:44] 
+---------------------------------------------------------------------------------------+
    ___       ___       ___       ___       ___       ___       ___       ___   
   /\  \     /\  \     /\  \     /\  \     /\  \     /\  \     /\  \     /\  \
  /::\  \   /::\  \   /::\  \   /::\  \   /::\  \    \:\  \   /::\  \   /::\  \
 /::\:\__\ /:/\:\__\ /::\:\__\ /:/\:\__\ /\:\:\__\   /::\__\ /::\:\__\ /::\:\__\
 \/\::/  / \:\/:/  / \/\::/  / \:\/:/  / \:\:\/__/  /:/\/__/ \/\::/  / \;:::/  /
   /:/  /   \::/  /    /:/  /   \::/  /   \::/  /   \/__/      /:/  /   |:\/__/ 
   \/__/     \/__/     \/__/     \/__/     \/__/               \/__/     \|__|

                   Github: https://github.com/aoaostar/mooc
            Version: v1.3.2 Runtime: linux/amd64 Go Version: go1.17.13 Author: Pluto
+---------------------------------------------------------------------------------------+ 
[36mINFO[0m[2025-01-10 07:19:44] webç«¯å¯åŠ¨æˆåŠŸ, è¯·è®¿é—® :10086 æŸ¥çœ‹æœåŠ¡çŠ¶æ€                  
[31mFATA[0m[2025-01-10 07:19:46] Post "https://zxshixun.scauzj.edu.cn/api/login.json": x509: certificate signed by unknown authority 
[36mINFO[0m[2025-01-10 07:20:05] 
+---------------------------------------------------------------------------------------+
    ___       ___       ___       ___       ___       ___       ___       ___   
   /\  \     /\  \     /\  \     /\  \     /\  \     /\  \     /\  \     /\  \
  /::\  \   /::\  \   /::\  \   /::\  \   /::\  \    \:\  \   /::\  \   /::\  \
 /::\:\__\ /:/\:\__\ /::\:\__\ /:/\:\__\ /\:\:\__\   /::\__\ /::\:\__\ /::\:\__\
 \/\::/  / \:\/:/  / \/\::/  / \:\/:/  / \:\:\/__/  /:/\/__/ \/\::/  / \;:::/  /
   /:/  /   \::/  /    /:/  /   \::/  /   \::/  /   \/__/      /:/  /   |:\/__/ 
   \/__/     \/__/     \/__/     \/__/     \/__/               \/__/     \|__|

                   Github: https://github.com/aoaostar/mooc
            Version: v1.3.2 Runtime: linux/amd64 Go Version: go1.17.13 Author: Pluto
+---------------------------------------------------------------------------------------+ 
[36mINFO[0m[2025-01-10 07:20:05] webç«¯å¯åŠ¨æˆåŠŸ, è¯·è®¿é—® :10086 æŸ¥çœ‹æœåŠ¡çŠ¶æ€                  
[31mFATA[0m[2025-01-10 07:20:07] Post "https://zxshixun.scauzj.edu.cn/api/login.json": x509: certificate signed by unknown authority 
